2017-05-08 16:43:41,990:DEBUG 杀进程Node.exe
2017-05-08 16:43:42,434:DEBUG 杀进程adb.exe
2017-05-08 16:43:42,572:DEBUG 开始关闭adb服务
2017-05-08 16:43:42,572:INFO 关闭adb服务的指令是：adb kill-server
2017-05-08 16:43:43,596:DEBUG 开始启动adb服务
2017-05-08 16:43:43,596:INFO 关闭adb服务的指令是：adb start-server
2017-05-08 16:43:47,769:DEBUG 将文本转化为字典类型
2017-05-08 16:43:47,769:INFO E:\djangoProject\adtest\file\config.txt
2017-05-08 16:43:47,769:INFO ['#congfig info\n', 'svnpath|D:\\python\\apk\n', 'packagename|com.cgs.fund\n', 'activity|.activity.mainActivity\n', 'apkname|jinkuihua.apk\n', 'way|2\n', 'port|4723']
2017-05-08 16:43:47,769:INFO ['congfig info']
2017-05-08 16:43:47,769:INFO {'apkname': 'jinkuihua.apk', 'svnpath': 'D:\\python\\apk', 'way': '2', 'activity': '.activity.mainActivity', 'packagename': 'com.cgs.fund', 'port': '4723'}
2017-05-08 16:43:47,769:INFO com.cgs.fund
2017-05-08 16:43:47,769:INFO .activity.mainActivity
2017-05-08 16:43:47,769:INFO jinkuihua.apk
2017-05-08 16:43:52,773:INFO 打印的日志是Skipped 'D:\python\apk'

2017-05-08 16:43:53,440:INFO 检查所有连接的设备指令为：adb devices
2017-05-08 16:43:53,463:INFO <open file 'adb devices', mode 'r' at 0x000000000381A6F0>
2017-05-08 16:43:53,553:DEBUG List of devices attached

2017-05-08 16:43:53,553:DEBUG 81CEBMZ22DKR	device

2017-05-08 16:43:53,553:INFO 81CEBMZ22DKR
2017-05-08 16:43:53,555:DEBUG 

2017-05-08 16:43:53,835:DEBUG 为IP为81CEBMZ22DKR开始启动appium服务
2017-05-08 16:43:53,836:INFO 启动appium的指令为：start /b appium -a 127.0.0.1 -p 4723 -bp 4724 --log E:\djangoProject\adtest\log\4723.log
2017-05-08 16:43:54,186:INFO node.exe                      8064 Console                   45         64 K

2017-05-08 16:43:54,186:DEBUG IP为81CEBMZ22DKR启动appium服务完成
2017-05-08 16:44:54,186:INFO 81CEBMZ22DKR
2017-05-08 16:44:54,186:INFO 4723
2017-05-08 16:44:54,186:INFO jinkuihua.apk
2017-05-08 16:44:54,186:INFO com.cgs.fund
2017-05-08 16:44:54,249:DEBUG 将文本转化为字典类型
2017-05-08 16:44:54,249:INFO E:\djangoProject\adtest\file\data.txt
2017-05-08 16:44:54,270:INFO ['#MI NOTE LTE\n', 'name|66027693\n', 'password|123\n', 'idnum|230403198803122520\n', 'customername|\xe7\x9b\x8a\xe8\xbe\xbe\n', 'huji|\xe9\xbb\x91\xe9\xbe\x99\xe6\xb1\x9f\xe7\x9c\x81\xe9\xb9\xa4\xe5\xb2\x97\xe5\xb8\x82\xe5\xb7\xa5\xe5\x86\x9c\xe5\x8c\xba\xe9\x93\x81\xe8\xb7\xaf\xe7\xa4\xbe\xe5\x8c\xba\n', 'tel|18700000001\n', 'qianfajiguan|\xe5\xb7\xa5\xe5\x86\x9c\xe5\x8c\xba\xe5\x85\xac\xe5\xae\x89\xe5\xb1\x80\n', 'jiekuanjine|3000\n', 'jiekuanqixian|6\n', 'goutong|\xe6\x84\x8f\xe5\x90\x91\xe5\xae\xa2\xe6\x88\xb7\n', 'xiangxi|\xe9\x93\x81\xe8\xb7\xaf\xe7\xa4\xbe\xe5\x8c\xba\n', 'zinv|1\n', 'gongyang|1\n', 'nianshouru|30\n', 'yueshouru|4\n', 'yuezhichu|1\n', 'fuzhai|1\n', 'zhaidian|010-88889999\n', 'mail|391881820@163.com\n', 'shenqingedu|30000\n', 'zuigaochengshou|10000\n', 'qita|10000\n', 'bishu|1\n', 'yuehuankuan|30000\n', 'qinshuname|\xe5\xbc\xa0\xe4\xb8\x89\n', 'qinshuntel|18900003323\n', 'workzhengmingren|\xe5\x88\x98\xe4\xba\x8c\n', 'zhiwu|\xe6\xb5\x8b\xe8\xaf\x95\xe5\xb7\xa5\xe7\xa8\x8b\xe5\xb8\x88\n', 'bumen|\xe5\xa4\xa9\xe6\x9b\xa6\n', 'workzhengmingtel|18766667777\n', 'qita1name|\xe5\xbc\xa0\xe5\xb0\x8f\xe5\xa8\xb4\n', 'guanxi1|\xe5\x90\x8c\xe4\xba\x8b\n', 'qita1tel|18677889999\n', 'qita2name|\xe6\x9d\x8e\xe6\x95\x8f\n', 'guanxi2|\xe5\x90\x8c\xe4\xba\x8b\n', 'qita2tel|18637889999\n', 'xiangxidz|\xe6\xb5\x8b\xe8\xaf\x95\xe5\x9c\xb0\xe5\x9d\x80\n', 'danweiname|\xe4\xbf\xa1\xe5\x90\x88\xe8\xb4\xa2\xe5\xaf\x8c\n', 'danweidizhi|\xe4\xba\x94\xe9\x81\x93\xe5\x8f\xa3\n', 'danweidianhua|010-99888888\n', 'fenjihao|9090\n', 'zhiyezhiwu|\xe6\xb5\x8b\xe8\xaf\x95\n', 'zhiyebumen|\xe6\xb5\x8b\xe8\xaf\x95\xe9\x83\xa8\xe9\x97\xa8\n', 'qiandanwei|\xe4\xb8\x80\xe4\xb8\xaa\xe5\x8d\x95\xe4\xbd\x8d\n', 'yuangongshuliang|10\n', 'shuihougongzi|30000\n', 'yinhangka|6228480402564890018\n', 'zhihang|\xe8\xa5\xbf\xe4\xba\x8c\xe6\x97\x97\n', '#OPPO R7\n', 'name|66027693\n', 'password|123\n', 'idnum|230101201705041802\n', 'customername|\xe5\xbc\xa0\xe5\xb0\x8f\xe9\x97\xb2\n', 'huji|\xe9\xbb\x91\xe9\xbe\x99\xe6\xb1\x9f\xe7\x9c\x81\xe9\xb9\xa4\xe5\xb2\x97\xe5\xb8\x82\xe5\xb7\xa5\xe5\x86\x9c\xe5\x8c\xba\xe9\x93\x81\xe8\xb7\xaf\xe7\xa4\xbe\xe5\x8c\xba\n', 'tel|18700000001\n', 'qianfajiguan|\xe5\xb7\xa5\xe5\x86\x9c\xe5\x8c\xba\xe5\x85\xac\xe5\xae\x89\xe5\xb1\x80\n', 'jiekuanjine|3000\n', 'jiekuanqixian|6\n', 'goutong|\xe6\x84\x8f\xe5\x90\x91\xe5\xae\xa2\xe6\x88\xb7\n', 'xiangxi|\xe9\x93\x81\xe8\xb7\xaf\xe7\xa4\xbe\xe5\x8c\xba\n', 'zinv|1\n', 'gongyang|1\n', 'nianshouru|30\n', 'yueshouru|4\n', 'yuezhichu|1\n', 'fuzhai|1\n', 'zhaidian|010-88889999\n', 'mail|391881820@163.com\n', 'shenqingedu|30000\n', 'zuigaochengshou|10000\n', 'qita|10000\n', 'bishu|1\n', 'yuehuankuan|30000\n', 'qinshuname|\xe5\xbc\xa0\xe4\xb8\x89\n', 'qinshuntel|18900003323\n', 'workzhengmingren|\xe5\x88\x98\xe4\xba\x8c\n', 'zhiwu|\xe6\xb5\x8b\xe8\xaf\x95\xe5\xb7\xa5\xe7\xa8\x8b\xe5\xb8\x88\n', 'bumen|\xe5\xa4\xa9\xe6\x9b\xa6\n', 'workzhengmingtel|18766667777\n', 'qita1name|\xe5\xbc\xa0\xe5\xb0\x8f\xe5\xa8\xb4\n', 'guanxi1|\xe5\x90\x8c\xe4\xba\x8b\n', 'qita1tel|18677889999\n', 'qita2name|\xe6\x9d\x8e\xe6\x95\x8f\n', 'guanxi2|\xe5\x90\x8c\xe4\xba\x8b\n', 'qita2tel|18637889999\n', 'xiangxidz|\xe6\xb5\x8b\xe8\xaf\x95\xe5\x9c\xb0\xe5\x9d\x80\n', 'danweiname|\xe4\xbf\xa1\xe5\x90\x88\xe8\xb4\xa2\xe5\xaf\x8c\n', 'danweidizhi|\xe4\xba\x94\xe9\x81\x93\xe5\x8f\xa3\n', 'danweidianhua|010-99888888\n', 'fenjihao|9090\n', 'zhiyezhiwu|\xe6\xb5\x8b\xe8\xaf\x95\n', 'zhiyebumen|\xe6\xb5\x8b\xe8\xaf\x95\xe9\x83\xa8\xe9\x97\xa8\n', 'qiandanwei|\xe4\xb8\x80\xe4\xb8\xaa\xe5\x8d\x95\xe4\xbd\x8d\n', 'yuangongshuliang|10\n', 'shuihougongzi|30000\n', 'yinhangka|6228480402564890018\n', 'zhihang|\xe8\xa5\xbf\xe4\xba\x8c\xe6\x97\x97\n', '#M571C\n', 'name|66027693\n', 'password|123\n', 'idnum|230101201705042063\n', 'customername|\xe5\xb0\x8f\xe5\x9c\xb0\xe7\x93\x9c\n', 'huji|\xe9\xbb\x91\xe9\xbe\x99\xe6\xb1\x9f\xe7\x9c\x81\xe9\xb9\xa4\xe5\xb2\x97\xe5\xb8\x82\xe5\xb7\xa5\xe5\x86\x9c\xe5\x8c\xba\xe9\x93\x81\xe8\xb7\xaf\xe7\xa4\xbe\xe5\x8c\xba\n', 'tel|18700000001\n', 'qianfajiguan|\xe5\xb7\xa5\xe5\x86\x9c\xe5\x8c\xba\xe5\x85\xac\xe5\xae\x89\xe5\xb1\x80\n', 'jiekuanjine|3000\n', 'jiekuanqixian|6\n', 'goutong|\xe6\x84\x8f\xe5\x90\x91\xe5\xae\xa2\xe6\x88\xb7\n', 'xiangxi|\xe9\x93\x81\xe8\xb7\xaf\xe7\xa4\xbe\xe5\x8c\xba\n', 'zinv|1\n', 'gongyang|1\n', 'nianshouru|30\n', 'yueshouru|4\n', 'yuezhichu|1\n', 'fuzhai|1\n', 'zhaidian|010-88889999\n', 'mail|391881820@163.com\n', 'shenqingedu|30000\n', 'zuigaochengshou|10000\n', 'qita|10000\n', 'bishu|1\n', 'yuehuankuan|30000\n', 'qinshuname|\xe5\xbc\xa0\xe4\xb8\x89\n', 'qinshuntel|18900003323\n', 'workzhengmingren|\xe5\x88\x98\xe4\xba\x8c\n', 'zhiwu|\xe6\xb5\x8b\xe8\xaf\x95\xe5\xb7\xa5\xe7\xa8\x8b\xe5\xb8\x88\n', 'bumen|\xe5\xa4\xa9\xe6\x9b\xa6\n', 'workzhengmingtel|18766667777\n', 'qita1name|\xe5\xbc\xa0\xe5\xb0\x8f\xe5\xa8\xb4\n', 'guanxi1|\xe5\x90\x8c\xe4\xba\x8b\n', 'qita1tel|18677889999\n', 'qita2name|\xe6\x9d\x8e\xe6\x95\x8f\n', 'guanxi2|\xe5\x90\x8c\xe4\xba\x8b\n', 'qita2tel|18637889999\n', 'xiangxidz|\xe6\xb5\x8b\xe8\xaf\x95\xe5\x9c\xb0\xe5\x9d\x80\n', 'danweiname|\xe4\xbf\xa1\xe5\x90\x88\xe8\xb4\xa2\xe5\xaf\x8c\n', 'danweidizhi|\xe4\xba\x94\xe9\x81\x93\xe5\x8f\xa3\n', 'danweidianhua|010-99888888\n', 'fenjihao|9090\n', 'zhiyezhiwu|\xe6\xb5\x8b\xe8\xaf\x95\n', 'zhiyebumen|\xe6\xb5\x8b\xe8\xaf\x95\xe9\x83\xa8\xe9\x97\xa8\n', 'qiandanwei|\xe4\xb8\x80\xe4\xb8\xaa\xe5\x8d\x95\xe4\xbd\x8d\n', 'yuangongshuliang|10\n', 'shuihougongzi|30000\n', 'yinhangka|6228480402564890018\n', 'zhihang|\xe8\xa5\xbf\xe4\xba\x8c\xe6\x97\x97']
2017-05-08 16:44:54,273:INFO 获取安卓手机型号的指令为：adb  -s 81CEBMZ22DKR  shell getprop ro.product.model
2017-05-08 16:44:54,332:INFO 安卓手机型号:M571C

2017-05-08 16:44:54,332:DEBUG 欢迎页
2017-05-08 16:44:54,332:INFO 获取安卓版本号的指令为：adb -s 81CEBMZ22DKR  shell getprop ro.build.version.release
2017-05-08 16:44:54,369:INFO 安卓版本号:5.1

2017-05-08 16:44:54,480:DEBUG POST http://127.0.0.1:4723/wd/hub/session {"desiredCapabilities": {"deviceName": "81CEBMZ22DKR", "unicodeKeyboard": "True", "udid": "81CEBMZ22DKR", "app": "E:\\djangoProject\\adtest\\file\\jinkuihua.apk", "browserName": "", "version": "5.1", "resetKeyboard": "True", "device": "android", "platformName": "Android"}}
2017-05-08 16:45:32,371:DEBUG Finished Request
2017-05-08 16:45:32,371:INFO <appium.webdriver.webdriver.WebDriver (session="3d34aeda-b31a-4220-960f-a2a85fbbb235")>
2017-05-08 16:45:32,371:DEBUG 进入欢迎页
2017-05-08 16:45:36,371:DEBUG GET http://127.0.0.1:4723/wd/hub/session/3d34aeda-b31a-4220-960f-a2a85fbbb235/window/current/size {"windowHandle": "current", "sessionId": "3d34aeda-b31a-4220-960f-a2a85fbbb235"}
2017-05-08 16:45:36,530:DEBUG Finished Request
2017-05-08 16:45:36,532:INFO 1080
2017-05-08 16:45:36,532:DEBUG GET http://127.0.0.1:4723/wd/hub/session/3d34aeda-b31a-4220-960f-a2a85fbbb235/window/current/size {"windowHandle": "current", "sessionId": "3d34aeda-b31a-4220-960f-a2a85fbbb235"}
2017-05-08 16:45:36,545:DEBUG Finished Request
2017-05-08 16:45:36,545:INFO 1920
2017-05-08 16:45:36,545:DEBUG 进行滑屏
2017-05-08 16:45:36,598:DEBUG POST http://127.0.0.1:4723/wd/hub/session/3d34aeda-b31a-4220-960f-a2a85fbbb235/touch/perform {"sessionId": "3d34aeda-b31a-4220-960f-a2a85fbbb235", "actions": [{"action": "press", "options": {"y": 480.0, "x": 1026.0}}, {"action": "wait", "options": {"ms": 1000}}, {"action": "moveTo", "options": {"y": 480.0, "x": 270.0}}, {"action": "release", "options": {}}]}
2017-05-08 16:45:37,111:DEBUG Finished Request
2017-05-08 16:45:39,111:DEBUG 进行滑屏
2017-05-08 16:45:39,111:DEBUG POST http://127.0.0.1:4723/wd/hub/session/3d34aeda-b31a-4220-960f-a2a85fbbb235/touch/perform {"sessionId": "3d34aeda-b31a-4220-960f-a2a85fbbb235", "actions": [{"action": "press", "options": {"y": 480.0, "x": 1026.0}}, {"action": "wait", "options": {"ms": 1000}}, {"action": "moveTo", "options": {"y": 480.0, "x": 270.0}}, {"action": "release", "options": {}}]}
2017-05-08 16:45:39,638:DEBUG Finished Request
2017-05-08 16:45:41,638:DEBUG 查找元素
2017-05-08 16:45:41,638:INFO id
2017-05-08 16:45:41,638:INFO com.xinhe.ocr:id/button
2017-05-08 16:45:41,638:DEBUG POST http://127.0.0.1:4723/wd/hub/session/3d34aeda-b31a-4220-960f-a2a85fbbb235/element {"using": "id", "sessionId": "3d34aeda-b31a-4220-960f-a2a85fbbb235", "value": "com.xinhe.ocr:id/button"}
2017-05-08 16:45:41,733:DEBUG Finished Request
2017-05-08 16:45:41,733:ERROR Message: An element could not be located on the page using the given search parameters.

2017-05-08 16:45:41,753:DEBUG 将文本转化为字典类型
2017-05-08 16:45:41,753:INFO E:\djangoProject\adtest\file\data.txt
2017-05-08 16:45:41,753:INFO ['#MI NOTE LTE\n', 'name|66027693\n', 'password|123\n', 'idnum|230403198803122520\n', 'customername|\xe7\x9b\x8a\xe8\xbe\xbe\n', 'huji|\xe9\xbb\x91\xe9\xbe\x99\xe6\xb1\x9f\xe7\x9c\x81\xe9\xb9\xa4\xe5\xb2\x97\xe5\xb8\x82\xe5\xb7\xa5\xe5\x86\x9c\xe5\x8c\xba\xe9\x93\x81\xe8\xb7\xaf\xe7\xa4\xbe\xe5\x8c\xba\n', 'tel|18700000001\n', 'qianfajiguan|\xe5\xb7\xa5\xe5\x86\x9c\xe5\x8c\xba\xe5\x85\xac\xe5\xae\x89\xe5\xb1\x80\n', 'jiekuanjine|3000\n', 'jiekuanqixian|6\n', 'goutong|\xe6\x84\x8f\xe5\x90\x91\xe5\xae\xa2\xe6\x88\xb7\n', 'xiangxi|\xe9\x93\x81\xe8\xb7\xaf\xe7\xa4\xbe\xe5\x8c\xba\n', 'zinv|1\n', 'gongyang|1\n', 'nianshouru|30\n', 'yueshouru|4\n', 'yuezhichu|1\n', 'fuzhai|1\n', 'zhaidian|010-88889999\n', 'mail|391881820@163.com\n', 'shenqingedu|30000\n', 'zuigaochengshou|10000\n', 'qita|10000\n', 'bishu|1\n', 'yuehuankuan|30000\n', 'qinshuname|\xe5\xbc\xa0\xe4\xb8\x89\n', 'qinshuntel|18900003323\n', 'workzhengmingren|\xe5\x88\x98\xe4\xba\x8c\n', 'zhiwu|\xe6\xb5\x8b\xe8\xaf\x95\xe5\xb7\xa5\xe7\xa8\x8b\xe5\xb8\x88\n', 'bumen|\xe5\xa4\xa9\xe6\x9b\xa6\n', 'workzhengmingtel|18766667777\n', 'qita1name|\xe5\xbc\xa0\xe5\xb0\x8f\xe5\xa8\xb4\n', 'guanxi1|\xe5\x90\x8c\xe4\xba\x8b\n', 'qita1tel|18677889999\n', 'qita2name|\xe6\x9d\x8e\xe6\x95\x8f\n', 'guanxi2|\xe5\x90\x8c\xe4\xba\x8b\n', 'qita2tel|18637889999\n', 'xiangxidz|\xe6\xb5\x8b\xe8\xaf\x95\xe5\x9c\xb0\xe5\x9d\x80\n', 'danweiname|\xe4\xbf\xa1\xe5\x90\x88\xe8\xb4\xa2\xe5\xaf\x8c\n', 'danweidizhi|\xe4\xba\x94\xe9\x81\x93\xe5\x8f\xa3\n', 'danweidianhua|010-99888888\n', 'fenjihao|9090\n', 'zhiyezhiwu|\xe6\xb5\x8b\xe8\xaf\x95\n', 'zhiyebumen|\xe6\xb5\x8b\xe8\xaf\x95\xe9\x83\xa8\xe9\x97\xa8\n', 'qiandanwei|\xe4\xb8\x80\xe4\xb8\xaa\xe5\x8d\x95\xe4\xbd\x8d\n', 'yuangongshuliang|10\n', 'shuihougongzi|30000\n', 'yinhangka|6228480402564890018\n', 'zhihang|\xe8\xa5\xbf\xe4\xba\x8c\xe6\x97\x97\n', '#OPPO R7\n', 'name|66027693\n', 'password|123\n', 'idnum|230101201705041802\n', 'customername|\xe5\xbc\xa0\xe5\xb0\x8f\xe9\x97\xb2\n', 'huji|\xe9\xbb\x91\xe9\xbe\x99\xe6\xb1\x9f\xe7\x9c\x81\xe9\xb9\xa4\xe5\xb2\x97\xe5\xb8\x82\xe5\xb7\xa5\xe5\x86\x9c\xe5\x8c\xba\xe9\x93\x81\xe8\xb7\xaf\xe7\xa4\xbe\xe5\x8c\xba\n', 'tel|18700000001\n', 'qianfajiguan|\xe5\xb7\xa5\xe5\x86\x9c\xe5\x8c\xba\xe5\x85\xac\xe5\xae\x89\xe5\xb1\x80\n', 'jiekuanjine|3000\n', 'jiekuanqixian|6\n', 'goutong|\xe6\x84\x8f\xe5\x90\x91\xe5\xae\xa2\xe6\x88\xb7\n', 'xiangxi|\xe9\x93\x81\xe8\xb7\xaf\xe7\xa4\xbe\xe5\x8c\xba\n', 'zinv|1\n', 'gongyang|1\n', 'nianshouru|30\n', 'yueshouru|4\n', 'yuezhichu|1\n', 'fuzhai|1\n', 'zhaidian|010-88889999\n', 'mail|391881820@163.com\n', 'shenqingedu|30000\n', 'zuigaochengshou|10000\n', 'qita|10000\n', 'bishu|1\n', 'yuehuankuan|30000\n', 'qinshuname|\xe5\xbc\xa0\xe4\xb8\x89\n', 'qinshuntel|18900003323\n', 'workzhengmingren|\xe5\x88\x98\xe4\xba\x8c\n', 'zhiwu|\xe6\xb5\x8b\xe8\xaf\x95\xe5\xb7\xa5\xe7\xa8\x8b\xe5\xb8\x88\n', 'bumen|\xe5\xa4\xa9\xe6\x9b\xa6\n', 'workzhengmingtel|18766667777\n', 'qita1name|\xe5\xbc\xa0\xe5\xb0\x8f\xe5\xa8\xb4\n', 'guanxi1|\xe5\x90\x8c\xe4\xba\x8b\n', 'qita1tel|18677889999\n', 'qita2name|\xe6\x9d\x8e\xe6\x95\x8f\n', 'guanxi2|\xe5\x90\x8c\xe4\xba\x8b\n', 'qita2tel|18637889999\n', 'xiangxidz|\xe6\xb5\x8b\xe8\xaf\x95\xe5\x9c\xb0\xe5\x9d\x80\n', 'danweiname|\xe4\xbf\xa1\xe5\x90\x88\xe8\xb4\xa2\xe5\xaf\x8c\n', 'danweidizhi|\xe4\xba\x94\xe9\x81\x93\xe5\x8f\xa3\n', 'danweidianhua|010-99888888\n', 'fenjihao|9090\n', 'zhiyezhiwu|\xe6\xb5\x8b\xe8\xaf\x95\n', 'zhiyebumen|\xe6\xb5\x8b\xe8\xaf\x95\xe9\x83\xa8\xe9\x97\xa8\n', 'qiandanwei|\xe4\xb8\x80\xe4\xb8\xaa\xe5\x8d\x95\xe4\xbd\x8d\n', 'yuangongshuliang|10\n', 'shuihougongzi|30000\n', 'yinhangka|6228480402564890018\n', 'zhihang|\xe8\xa5\xbf\xe4\xba\x8c\xe6\x97\x97\n', '#M571C\n', 'name|66027693\n', 'password|123\n', 'idnum|230101201705042063\n', 'customername|\xe5\xb0\x8f\xe5\x9c\xb0\xe7\x93\x9c\n', 'huji|\xe9\xbb\x91\xe9\xbe\x99\xe6\xb1\x9f\xe7\x9c\x81\xe9\xb9\xa4\xe5\xb2\x97\xe5\xb8\x82\xe5\xb7\xa5\xe5\x86\x9c\xe5\x8c\xba\xe9\x93\x81\xe8\xb7\xaf\xe7\xa4\xbe\xe5\x8c\xba\n', 'tel|18700000001\n', 'qianfajiguan|\xe5\xb7\xa5\xe5\x86\x9c\xe5\x8c\xba\xe5\x85\xac\xe5\xae\x89\xe5\xb1\x80\n', 'jiekuanjine|3000\n', 'jiekuanqixian|6\n', 'goutong|\xe6\x84\x8f\xe5\x90\x91\xe5\xae\xa2\xe6\x88\xb7\n', 'xiangxi|\xe9\x93\x81\xe8\xb7\xaf\xe7\xa4\xbe\xe5\x8c\xba\n', 'zinv|1\n', 'gongyang|1\n', 'nianshouru|30\n', 'yueshouru|4\n', 'yuezhichu|1\n', 'fuzhai|1\n', 'zhaidian|010-88889999\n', 'mail|391881820@163.com\n', 'shenqingedu|30000\n', 'zuigaochengshou|10000\n', 'qita|10000\n', 'bishu|1\n', 'yuehuankuan|30000\n', 'qinshuname|\xe5\xbc\xa0\xe4\xb8\x89\n', 'qinshuntel|18900003323\n', 'workzhengmingren|\xe5\x88\x98\xe4\xba\x8c\n', 'zhiwu|\xe6\xb5\x8b\xe8\xaf\x95\xe5\xb7\xa5\xe7\xa8\x8b\xe5\xb8\x88\n', 'bumen|\xe5\xa4\xa9\xe6\x9b\xa6\n', 'workzhengmingtel|18766667777\n', 'qita1name|\xe5\xbc\xa0\xe5\xb0\x8f\xe5\xa8\xb4\n', 'guanxi1|\xe5\x90\x8c\xe4\xba\x8b\n', 'qita1tel|18677889999\n', 'qita2name|\xe6\x9d\x8e\xe6\x95\x8f\n', 'guanxi2|\xe5\x90\x8c\xe4\xba\x8b\n', 'qita2tel|18637889999\n', 'xiangxidz|\xe6\xb5\x8b\xe8\xaf\x95\xe5\x9c\xb0\xe5\x9d\x80\n', 'danweiname|\xe4\xbf\xa1\xe5\x90\x88\xe8\xb4\xa2\xe5\xaf\x8c\n', 'danweidizhi|\xe4\xba\x94\xe9\x81\x93\xe5\x8f\xa3\n', 'danweidianhua|010-99888888\n', 'fenjihao|9090\n', 'zhiyezhiwu|\xe6\xb5\x8b\xe8\xaf\x95\n', 'zhiyebumen|\xe6\xb5\x8b\xe8\xaf\x95\xe9\x83\xa8\xe9\x97\xa8\n', 'qiandanwei|\xe4\xb8\x80\xe4\xb8\xaa\xe5\x8d\x95\xe4\xbd\x8d\n', 'yuangongshuliang|10\n', 'shuihougongzi|30000\n', 'yinhangka|6228480402564890018\n', 'zhihang|\xe8\xa5\xbf\xe4\xba\x8c\xe6\x97\x97']
2017-05-08 16:45:41,756:INFO 获取安卓手机型号的指令为：adb  -s 81CEBMZ22DKR  shell getprop ro.product.model
2017-05-08 16:45:41,813:INFO 安卓手机型号:M571C

2017-05-08 16:45:41,815:DEBUG 开始登录
2017-05-08 16:45:41,815:DEBUG 查找元素
2017-05-08 16:45:41,815:INFO id
2017-05-08 16:45:41,815:INFO com.xinhe.ocr:id/user_name
2017-05-08 16:45:41,815:DEBUG POST http://127.0.0.1:4723/wd/hub/session/3d34aeda-b31a-4220-960f-a2a85fbbb235/element {"using": "id", "sessionId": "3d34aeda-b31a-4220-960f-a2a85fbbb235", "value": "com.xinhe.ocr:id/user_name"}
2017-05-08 16:45:41,838:DEBUG Finished Request
2017-05-08 16:45:41,838:ERROR Message: An element could not be located on the page using the given search parameters.

2017-05-08 16:45:41,839:DEBUG 将文本转化为字典类型
2017-05-08 16:45:41,839:INFO E:\djangoProject\adtest\file\data.txt
2017-05-08 16:45:41,839:INFO ['#MI NOTE LTE\n', 'name|66027693\n', 'password|123\n', 'idnum|230403198803122520\n', 'customername|\xe7\x9b\x8a\xe8\xbe\xbe\n', 'huji|\xe9\xbb\x91\xe9\xbe\x99\xe6\xb1\x9f\xe7\x9c\x81\xe9\xb9\xa4\xe5\xb2\x97\xe5\xb8\x82\xe5\xb7\xa5\xe5\x86\x9c\xe5\x8c\xba\xe9\x93\x81\xe8\xb7\xaf\xe7\xa4\xbe\xe5\x8c\xba\n', 'tel|18700000001\n', 'qianfajiguan|\xe5\xb7\xa5\xe5\x86\x9c\xe5\x8c\xba\xe5\x85\xac\xe5\xae\x89\xe5\xb1\x80\n', 'jiekuanjine|3000\n', 'jiekuanqixian|6\n', 'goutong|\xe6\x84\x8f\xe5\x90\x91\xe5\xae\xa2\xe6\x88\xb7\n', 'xiangxi|\xe9\x93\x81\xe8\xb7\xaf\xe7\xa4\xbe\xe5\x8c\xba\n', 'zinv|1\n', 'gongyang|1\n', 'nianshouru|30\n', 'yueshouru|4\n', 'yuezhichu|1\n', 'fuzhai|1\n', 'zhaidian|010-88889999\n', 'mail|391881820@163.com\n', 'shenqingedu|30000\n', 'zuigaochengshou|10000\n', 'qita|10000\n', 'bishu|1\n', 'yuehuankuan|30000\n', 'qinshuname|\xe5\xbc\xa0\xe4\xb8\x89\n', 'qinshuntel|18900003323\n', 'workzhengmingren|\xe5\x88\x98\xe4\xba\x8c\n', 'zhiwu|\xe6\xb5\x8b\xe8\xaf\x95\xe5\xb7\xa5\xe7\xa8\x8b\xe5\xb8\x88\n', 'bumen|\xe5\xa4\xa9\xe6\x9b\xa6\n', 'workzhengmingtel|18766667777\n', 'qita1name|\xe5\xbc\xa0\xe5\xb0\x8f\xe5\xa8\xb4\n', 'guanxi1|\xe5\x90\x8c\xe4\xba\x8b\n', 'qita1tel|18677889999\n', 'qita2name|\xe6\x9d\x8e\xe6\x95\x8f\n', 'guanxi2|\xe5\x90\x8c\xe4\xba\x8b\n', 'qita2tel|18637889999\n', 'xiangxidz|\xe6\xb5\x8b\xe8\xaf\x95\xe5\x9c\xb0\xe5\x9d\x80\n', 'danweiname|\xe4\xbf\xa1\xe5\x90\x88\xe8\xb4\xa2\xe5\xaf\x8c\n', 'danweidizhi|\xe4\xba\x94\xe9\x81\x93\xe5\x8f\xa3\n', 'danweidianhua|010-99888888\n', 'fenjihao|9090\n', 'zhiyezhiwu|\xe6\xb5\x8b\xe8\xaf\x95\n', 'zhiyebumen|\xe6\xb5\x8b\xe8\xaf\x95\xe9\x83\xa8\xe9\x97\xa8\n', 'qiandanwei|\xe4\xb8\x80\xe4\xb8\xaa\xe5\x8d\x95\xe4\xbd\x8d\n', 'yuangongshuliang|10\n', 'shuihougongzi|30000\n', 'yinhangka|6228480402564890018\n', 'zhihang|\xe8\xa5\xbf\xe4\xba\x8c\xe6\x97\x97\n', '#OPPO R7\n', 'name|66027693\n', 'password|123\n', 'idnum|230101201705041802\n', 'customername|\xe5\xbc\xa0\xe5\xb0\x8f\xe9\x97\xb2\n', 'huji|\xe9\xbb\x91\xe9\xbe\x99\xe6\xb1\x9f\xe7\x9c\x81\xe9\xb9\xa4\xe5\xb2\x97\xe5\xb8\x82\xe5\xb7\xa5\xe5\x86\x9c\xe5\x8c\xba\xe9\x93\x81\xe8\xb7\xaf\xe7\xa4\xbe\xe5\x8c\xba\n', 'tel|18700000001\n', 'qianfajiguan|\xe5\xb7\xa5\xe5\x86\x9c\xe5\x8c\xba\xe5\x85\xac\xe5\xae\x89\xe5\xb1\x80\n', 'jiekuanjine|3000\n', 'jiekuanqixian|6\n', 'goutong|\xe6\x84\x8f\xe5\x90\x91\xe5\xae\xa2\xe6\x88\xb7\n', 'xiangxi|\xe9\x93\x81\xe8\xb7\xaf\xe7\xa4\xbe\xe5\x8c\xba\n', 'zinv|1\n', 'gongyang|1\n', 'nianshouru|30\n', 'yueshouru|4\n', 'yuezhichu|1\n', 'fuzhai|1\n', 'zhaidian|010-88889999\n', 'mail|391881820@163.com\n', 'shenqingedu|30000\n', 'zuigaochengshou|10000\n', 'qita|10000\n', 'bishu|1\n', 'yuehuankuan|30000\n', 'qinshuname|\xe5\xbc\xa0\xe4\xb8\x89\n', 'qinshuntel|18900003323\n', 'workzhengmingren|\xe5\x88\x98\xe4\xba\x8c\n', 'zhiwu|\xe6\xb5\x8b\xe8\xaf\x95\xe5\xb7\xa5\xe7\xa8\x8b\xe5\xb8\x88\n', 'bumen|\xe5\xa4\xa9\xe6\x9b\xa6\n', 'workzhengmingtel|18766667777\n', 'qita1name|\xe5\xbc\xa0\xe5\xb0\x8f\xe5\xa8\xb4\n', 'guanxi1|\xe5\x90\x8c\xe4\xba\x8b\n', 'qita1tel|18677889999\n', 'qita2name|\xe6\x9d\x8e\xe6\x95\x8f\n', 'guanxi2|\xe5\x90\x8c\xe4\xba\x8b\n', 'qita2tel|18637889999\n', 'xiangxidz|\xe6\xb5\x8b\xe8\xaf\x95\xe5\x9c\xb0\xe5\x9d\x80\n', 'danweiname|\xe4\xbf\xa1\xe5\x90\x88\xe8\xb4\xa2\xe5\xaf\x8c\n', 'danweidizhi|\xe4\xba\x94\xe9\x81\x93\xe5\x8f\xa3\n', 'danweidianhua|010-99888888\n', 'fenjihao|9090\n', 'zhiyezhiwu|\xe6\xb5\x8b\xe8\xaf\x95\n', 'zhiyebumen|\xe6\xb5\x8b\xe8\xaf\x95\xe9\x83\xa8\xe9\x97\xa8\n', 'qiandanwei|\xe4\xb8\x80\xe4\xb8\xaa\xe5\x8d\x95\xe4\xbd\x8d\n', 'yuangongshuliang|10\n', 'shuihougongzi|30000\n', 'yinhangka|6228480402564890018\n', 'zhihang|\xe8\xa5\xbf\xe4\xba\x8c\xe6\x97\x97\n', '#M571C\n', 'name|66027693\n', 'password|123\n', 'idnum|230101201705042063\n', 'customername|\xe5\xb0\x8f\xe5\x9c\xb0\xe7\x93\x9c\n', 'huji|\xe9\xbb\x91\xe9\xbe\x99\xe6\xb1\x9f\xe7\x9c\x81\xe9\xb9\xa4\xe5\xb2\x97\xe5\xb8\x82\xe5\xb7\xa5\xe5\x86\x9c\xe5\x8c\xba\xe9\x93\x81\xe8\xb7\xaf\xe7\xa4\xbe\xe5\x8c\xba\n', 'tel|18700000001\n', 'qianfajiguan|\xe5\xb7\xa5\xe5\x86\x9c\xe5\x8c\xba\xe5\x85\xac\xe5\xae\x89\xe5\xb1\x80\n', 'jiekuanjine|3000\n', 'jiekuanqixian|6\n', 'goutong|\xe6\x84\x8f\xe5\x90\x91\xe5\xae\xa2\xe6\x88\xb7\n', 'xiangxi|\xe9\x93\x81\xe8\xb7\xaf\xe7\xa4\xbe\xe5\x8c\xba\n', 'zinv|1\n', 'gongyang|1\n', 'nianshouru|30\n', 'yueshouru|4\n', 'yuezhichu|1\n', 'fuzhai|1\n', 'zhaidian|010-88889999\n', 'mail|391881820@163.com\n', 'shenqingedu|30000\n', 'zuigaochengshou|10000\n', 'qita|10000\n', 'bishu|1\n', 'yuehuankuan|30000\n', 'qinshuname|\xe5\xbc\xa0\xe4\xb8\x89\n', 'qinshuntel|18900003323\n', 'workzhengmingren|\xe5\x88\x98\xe4\xba\x8c\n', 'zhiwu|\xe6\xb5\x8b\xe8\xaf\x95\xe5\xb7\xa5\xe7\xa8\x8b\xe5\xb8\x88\n', 'bumen|\xe5\xa4\xa9\xe6\x9b\xa6\n', 'workzhengmingtel|18766667777\n', 'qita1name|\xe5\xbc\xa0\xe5\xb0\x8f\xe5\xa8\xb4\n', 'guanxi1|\xe5\x90\x8c\xe4\xba\x8b\n', 'qita1tel|18677889999\n', 'qita2name|\xe6\x9d\x8e\xe6\x95\x8f\n', 'guanxi2|\xe5\x90\x8c\xe4\xba\x8b\n', 'qita2tel|18637889999\n', 'xiangxidz|\xe6\xb5\x8b\xe8\xaf\x95\xe5\x9c\xb0\xe5\x9d\x80\n', 'danweiname|\xe4\xbf\xa1\xe5\x90\x88\xe8\xb4\xa2\xe5\xaf\x8c\n', 'danweidizhi|\xe4\xba\x94\xe9\x81\x93\xe5\x8f\xa3\n', 'danweidianhua|010-99888888\n', 'fenjihao|9090\n', 'zhiyezhiwu|\xe6\xb5\x8b\xe8\xaf\x95\n', 'zhiyebumen|\xe6\xb5\x8b\xe8\xaf\x95\xe9\x83\xa8\xe9\x97\xa8\n', 'qiandanwei|\xe4\xb8\x80\xe4\xb8\xaa\xe5\x8d\x95\xe4\xbd\x8d\n', 'yuangongshuliang|10\n', 'shuihougongzi|30000\n', 'yinhangka|6228480402564890018\n', 'zhihang|\xe8\xa5\xbf\xe4\xba\x8c\xe6\x97\x97']
2017-05-08 16:45:41,842:INFO 获取安卓手机型号的指令为：adb  -s 81CEBMZ22DKR  shell getprop ro.product.model
2017-05-08 16:45:41,904:INFO 安卓手机型号:M571C

2017-05-08 16:45:41,904:DEBUG GET http://127.0.0.1:4723/wd/hub/session/3d34aeda-b31a-4220-960f-a2a85fbbb235/window/current/size {"windowHandle": "current", "sessionId": "3d34aeda-b31a-4220-960f-a2a85fbbb235"}
2017-05-08 16:45:41,915:DEBUG Finished Request
2017-05-08 16:45:41,917:DEBUG GET http://127.0.0.1:4723/wd/hub/session/3d34aeda-b31a-4220-960f-a2a85fbbb235/window/current/size {"windowHandle": "current", "sessionId": "3d34aeda-b31a-4220-960f-a2a85fbbb235"}
2017-05-08 16:45:41,930:DEBUG Finished Request
2017-05-08 16:45:42,931:DEBUG 查找元素
2017-05-08 16:45:42,931:INFO id
2017-05-08 16:45:42,931:INFO com.xinhe.ocr:id/btn1
2017-05-08 16:45:42,931:DEBUG POST http://127.0.0.1:4723/wd/hub/session/3d34aeda-b31a-4220-960f-a2a85fbbb235/element {"using": "id", "sessionId": "3d34aeda-b31a-4220-960f-a2a85fbbb235", "value": "com.xinhe.ocr:id/btn1"}
2017-05-08 16:45:42,976:DEBUG Finished Request
2017-05-08 16:45:42,976:ERROR Message: An element could not be located on the page using the given search parameters.

2017-05-08 16:45:42,976:DEBUG 将文本转化为字典类型
2017-05-08 16:45:42,977:INFO E:\djangoProject\adtest\file\data.txt
2017-05-08 16:45:42,977:INFO ['#MI NOTE LTE\n', 'name|66027693\n', 'password|123\n', 'idnum|230403198803122520\n', 'customername|\xe7\x9b\x8a\xe8\xbe\xbe\n', 'huji|\xe9\xbb\x91\xe9\xbe\x99\xe6\xb1\x9f\xe7\x9c\x81\xe9\xb9\xa4\xe5\xb2\x97\xe5\xb8\x82\xe5\xb7\xa5\xe5\x86\x9c\xe5\x8c\xba\xe9\x93\x81\xe8\xb7\xaf\xe7\xa4\xbe\xe5\x8c\xba\n', 'tel|18700000001\n', 'qianfajiguan|\xe5\xb7\xa5\xe5\x86\x9c\xe5\x8c\xba\xe5\x85\xac\xe5\xae\x89\xe5\xb1\x80\n', 'jiekuanjine|3000\n', 'jiekuanqixian|6\n', 'goutong|\xe6\x84\x8f\xe5\x90\x91\xe5\xae\xa2\xe6\x88\xb7\n', 'xiangxi|\xe9\x93\x81\xe8\xb7\xaf\xe7\xa4\xbe\xe5\x8c\xba\n', 'zinv|1\n', 'gongyang|1\n', 'nianshouru|30\n', 'yueshouru|4\n', 'yuezhichu|1\n', 'fuzhai|1\n', 'zhaidian|010-88889999\n', 'mail|391881820@163.com\n', 'shenqingedu|30000\n', 'zuigaochengshou|10000\n', 'qita|10000\n', 'bishu|1\n', 'yuehuankuan|30000\n', 'qinshuname|\xe5\xbc\xa0\xe4\xb8\x89\n', 'qinshuntel|18900003323\n', 'workzhengmingren|\xe5\x88\x98\xe4\xba\x8c\n', 'zhiwu|\xe6\xb5\x8b\xe8\xaf\x95\xe5\xb7\xa5\xe7\xa8\x8b\xe5\xb8\x88\n', 'bumen|\xe5\xa4\xa9\xe6\x9b\xa6\n', 'workzhengmingtel|18766667777\n', 'qita1name|\xe5\xbc\xa0\xe5\xb0\x8f\xe5\xa8\xb4\n', 'guanxi1|\xe5\x90\x8c\xe4\xba\x8b\n', 'qita1tel|18677889999\n', 'qita2name|\xe6\x9d\x8e\xe6\x95\x8f\n', 'guanxi2|\xe5\x90\x8c\xe4\xba\x8b\n', 'qita2tel|18637889999\n', 'xiangxidz|\xe6\xb5\x8b\xe8\xaf\x95\xe5\x9c\xb0\xe5\x9d\x80\n', 'danweiname|\xe4\xbf\xa1\xe5\x90\x88\xe8\xb4\xa2\xe5\xaf\x8c\n', 'danweidizhi|\xe4\xba\x94\xe9\x81\x93\xe5\x8f\xa3\n', 'danweidianhua|010-99888888\n', 'fenjihao|9090\n', 'zhiyezhiwu|\xe6\xb5\x8b\xe8\xaf\x95\n', 'zhiyebumen|\xe6\xb5\x8b\xe8\xaf\x95\xe9\x83\xa8\xe9\x97\xa8\n', 'qiandanwei|\xe4\xb8\x80\xe4\xb8\xaa\xe5\x8d\x95\xe4\xbd\x8d\n', 'yuangongshuliang|10\n', 'shuihougongzi|30000\n', 'yinhangka|6228480402564890018\n', 'zhihang|\xe8\xa5\xbf\xe4\xba\x8c\xe6\x97\x97\n', '#OPPO R7\n', 'name|66027693\n', 'password|123\n', 'idnum|230101201705041802\n', 'customername|\xe5\xbc\xa0\xe5\xb0\x8f\xe9\x97\xb2\n', 'huji|\xe9\xbb\x91\xe9\xbe\x99\xe6\xb1\x9f\xe7\x9c\x81\xe9\xb9\xa4\xe5\xb2\x97\xe5\xb8\x82\xe5\xb7\xa5\xe5\x86\x9c\xe5\x8c\xba\xe9\x93\x81\xe8\xb7\xaf\xe7\xa4\xbe\xe5\x8c\xba\n', 'tel|18700000001\n', 'qianfajiguan|\xe5\xb7\xa5\xe5\x86\x9c\xe5\x8c\xba\xe5\x85\xac\xe5\xae\x89\xe5\xb1\x80\n', 'jiekuanjine|3000\n', 'jiekuanqixian|6\n', 'goutong|\xe6\x84\x8f\xe5\x90\x91\xe5\xae\xa2\xe6\x88\xb7\n', 'xiangxi|\xe9\x93\x81\xe8\xb7\xaf\xe7\xa4\xbe\xe5\x8c\xba\n', 'zinv|1\n', 'gongyang|1\n', 'nianshouru|30\n', 'yueshouru|4\n', 'yuezhichu|1\n', 'fuzhai|1\n', 'zhaidian|010-88889999\n', 'mail|391881820@163.com\n', 'shenqingedu|30000\n', 'zuigaochengshou|10000\n', 'qita|10000\n', 'bishu|1\n', 'yuehuankuan|30000\n', 'qinshuname|\xe5\xbc\xa0\xe4\xb8\x89\n', 'qinshuntel|18900003323\n', 'workzhengmingren|\xe5\x88\x98\xe4\xba\x8c\n', 'zhiwu|\xe6\xb5\x8b\xe8\xaf\x95\xe5\xb7\xa5\xe7\xa8\x8b\xe5\xb8\x88\n', 'bumen|\xe5\xa4\xa9\xe6\x9b\xa6\n', 'workzhengmingtel|18766667777\n', 'qita1name|\xe5\xbc\xa0\xe5\xb0\x8f\xe5\xa8\xb4\n', 'guanxi1|\xe5\x90\x8c\xe4\xba\x8b\n', 'qita1tel|18677889999\n', 'qita2name|\xe6\x9d\x8e\xe6\x95\x8f\n', 'guanxi2|\xe5\x90\x8c\xe4\xba\x8b\n', 'qita2tel|18637889999\n', 'xiangxidz|\xe6\xb5\x8b\xe8\xaf\x95\xe5\x9c\xb0\xe5\x9d\x80\n', 'danweiname|\xe4\xbf\xa1\xe5\x90\x88\xe8\xb4\xa2\xe5\xaf\x8c\n', 'danweidizhi|\xe4\xba\x94\xe9\x81\x93\xe5\x8f\xa3\n', 'danweidianhua|010-99888888\n', 'fenjihao|9090\n', 'zhiyezhiwu|\xe6\xb5\x8b\xe8\xaf\x95\n', 'zhiyebumen|\xe6\xb5\x8b\xe8\xaf\x95\xe9\x83\xa8\xe9\x97\xa8\n', 'qiandanwei|\xe4\xb8\x80\xe4\xb8\xaa\xe5\x8d\x95\xe4\xbd\x8d\n', 'yuangongshuliang|10\n', 'shuihougongzi|30000\n', 'yinhangka|6228480402564890018\n', 'zhihang|\xe8\xa5\xbf\xe4\xba\x8c\xe6\x97\x97\n', '#M571C\n', 'name|66027693\n', 'password|123\n', 'idnum|230101201705042063\n', 'customername|\xe5\xb0\x8f\xe5\x9c\xb0\xe7\x93\x9c\n', 'huji|\xe9\xbb\x91\xe9\xbe\x99\xe6\xb1\x9f\xe7\x9c\x81\xe9\xb9\xa4\xe5\xb2\x97\xe5\xb8\x82\xe5\xb7\xa5\xe5\x86\x9c\xe5\x8c\xba\xe9\x93\x81\xe8\xb7\xaf\xe7\xa4\xbe\xe5\x8c\xba\n', 'tel|18700000001\n', 'qianfajiguan|\xe5\xb7\xa5\xe5\x86\x9c\xe5\x8c\xba\xe5\x85\xac\xe5\xae\x89\xe5\xb1\x80\n', 'jiekuanjine|3000\n', 'jiekuanqixian|6\n', 'goutong|\xe6\x84\x8f\xe5\x90\x91\xe5\xae\xa2\xe6\x88\xb7\n', 'xiangxi|\xe9\x93\x81\xe8\xb7\xaf\xe7\xa4\xbe\xe5\x8c\xba\n', 'zinv|1\n', 'gongyang|1\n', 'nianshouru|30\n', 'yueshouru|4\n', 'yuezhichu|1\n', 'fuzhai|1\n', 'zhaidian|010-88889999\n', 'mail|391881820@163.com\n', 'shenqingedu|30000\n', 'zuigaochengshou|10000\n', 'qita|10000\n', 'bishu|1\n', 'yuehuankuan|30000\n', 'qinshuname|\xe5\xbc\xa0\xe4\xb8\x89\n', 'qinshuntel|18900003323\n', 'workzhengmingren|\xe5\x88\x98\xe4\xba\x8c\n', 'zhiwu|\xe6\xb5\x8b\xe8\xaf\x95\xe5\xb7\xa5\xe7\xa8\x8b\xe5\xb8\x88\n', 'bumen|\xe5\xa4\xa9\xe6\x9b\xa6\n', 'workzhengmingtel|18766667777\n', 'qita1name|\xe5\xbc\xa0\xe5\xb0\x8f\xe5\xa8\xb4\n', 'guanxi1|\xe5\x90\x8c\xe4\xba\x8b\n', 'qita1tel|18677889999\n', 'qita2name|\xe6\x9d\x8e\xe6\x95\x8f\n', 'guanxi2|\xe5\x90\x8c\xe4\xba\x8b\n', 'qita2tel|18637889999\n', 'xiangxidz|\xe6\xb5\x8b\xe8\xaf\x95\xe5\x9c\xb0\xe5\x9d\x80\n', 'danweiname|\xe4\xbf\xa1\xe5\x90\x88\xe8\xb4\xa2\xe5\xaf\x8c\n', 'danweidizhi|\xe4\xba\x94\xe9\x81\x93\xe5\x8f\xa3\n', 'danweidianhua|010-99888888\n', 'fenjihao|9090\n', 'zhiyezhiwu|\xe6\xb5\x8b\xe8\xaf\x95\n', 'zhiyebumen|\xe6\xb5\x8b\xe8\xaf\x95\xe9\x83\xa8\xe9\x97\xa8\n', 'qiandanwei|\xe4\xb8\x80\xe4\xb8\xaa\xe5\x8d\x95\xe4\xbd\x8d\n', 'yuangongshuliang|10\n', 'shuihougongzi|30000\n', 'yinhangka|6228480402564890018\n', 'zhihang|\xe8\xa5\xbf\xe4\xba\x8c\xe6\x97\x97']
2017-05-08 16:45:42,980:INFO 获取安卓手机型号的指令为：adb  -s 81CEBMZ22DKR  shell getprop ro.product.model
2017-05-08 16:45:43,025:INFO 安卓手机型号:M571C

2017-05-08 16:45:43,025:DEBUG GET http://127.0.0.1:4723/wd/hub/session/3d34aeda-b31a-4220-960f-a2a85fbbb235/window/current/size {"windowHandle": "current", "sessionId": "3d34aeda-b31a-4220-960f-a2a85fbbb235"}
2017-05-08 16:45:43,033:DEBUG Finished Request
2017-05-08 16:45:43,033:DEBUG GET http://127.0.0.1:4723/wd/hub/session/3d34aeda-b31a-4220-960f-a2a85fbbb235/window/current/size {"windowHandle": "current", "sessionId": "3d34aeda-b31a-4220-960f-a2a85fbbb235"}
2017-05-08 16:45:43,042:DEBUG Finished Request
2017-05-08 16:45:43,042:DEBUG 查找元素
2017-05-08 16:45:43,042:INFO id
2017-05-08 16:45:43,042:INFO com.xinhe.ocr:id/btn1
2017-05-08 16:45:43,042:DEBUG POST http://127.0.0.1:4723/wd/hub/session/3d34aeda-b31a-4220-960f-a2a85fbbb235/element {"using": "id", "sessionId": "3d34aeda-b31a-4220-960f-a2a85fbbb235", "value": "com.xinhe.ocr:id/btn1"}
2017-05-08 16:45:43,095:DEBUG Finished Request
2017-05-08 16:45:43,095:ERROR Message: An element could not be located on the page using the given search parameters.

2017-05-08 16:45:43,157:DEBUG 开始获取log日志
2017-05-08 16:45:43,157:INFO adb -s 81CEBMZ22DKR  shell ps|findstr com.cgs.fund
2017-05-08 16:45:43,285:INFO u0_a429   6984  371   1091340 94580 ffffffff 00000000 S com.cgs.fund

2017-05-08 16:45:43,286:INFO ['u0_a429', '6984', '371', '1091340', '94580', 'ffffffff', '00000000', 'S', 'com.cgs.fund']
2017-05-08 16:45:43,286:INFO 6984
2017-05-08 16:45:43,286:INFO 打印设备ip为81CEBMZ22DKR的日志指令为：adb -s 81CEBMZ22DKR  logcat -v time *:E |findstr ' 6984' 
2017-05-08 17:07:08,484:DEBUG 杀进程Node.exe
2017-05-08 17:07:08,609:DEBUG 杀进程adb.exe
2017-05-08 17:07:08,723:DEBUG 开始关闭adb服务
2017-05-08 17:07:08,723:INFO 关闭adb服务的指令是：adb kill-server
2017-05-08 17:07:09,757:DEBUG 开始启动adb服务
2017-05-08 17:07:09,757:INFO 关闭adb服务的指令是：adb start-server
2017-05-08 17:07:13,835:DEBUG 将文本转化为字典类型
2017-05-08 17:07:13,835:INFO E:\djangoProject\adtest\file\config.txt
2017-05-08 17:07:13,835:INFO ['#congfig info\n', 'svnpath|D:\\python\\apk\n', 'packagename|com.cgs.fund\n', 'activity|.activity.mainActivity\n', 'apkname|jinkuihua.apk\n', 'way|2\n', 'port|4723']
2017-05-08 17:07:13,835:INFO ['congfig info']
2017-05-08 17:07:13,835:INFO {'apkname': 'jinkuihua.apk', 'svnpath': 'D:\\python\\apk', 'way': '2', 'activity': '.activity.mainActivity', 'packagename': 'com.cgs.fund', 'port': '4723'}
2017-05-08 17:07:13,835:INFO com.cgs.fund
2017-05-08 17:07:13,835:INFO .activity.mainActivity
2017-05-08 17:07:13,835:INFO jinkuihua.apk
2017-05-08 17:07:18,845:INFO 打印的日志是Skipped 'D:\python\apk'

2017-05-08 17:07:18,957:INFO 检查所有连接的设备指令为：adb devices
2017-05-08 17:07:18,976:INFO <open file 'adb devices', mode 'r' at 0x0000000002D0B780>
2017-05-08 17:07:19,046:DEBUG List of devices attached

2017-05-08 17:07:19,046:DEBUG 81CEBMZ22DKR	device

2017-05-08 17:07:19,046:INFO 81CEBMZ22DKR
2017-05-08 17:07:19,046:DEBUG 

2017-05-08 17:07:19,190:DEBUG 为IP为81CEBMZ22DKR开始启动appium服务
2017-05-08 17:07:19,190:INFO 启动appium的指令为：start /b appium -a 127.0.0.1 -p 4723 -bp 4724 --log E:\djangoProject\adtest\log\4723.log
2017-05-08 17:07:19,394:INFO node.exe                     12776 Console                   45      5,120 K

2017-05-08 17:07:19,394:DEBUG IP为81CEBMZ22DKR启动appium服务完成
2017-05-08 17:08:19,394:INFO 81CEBMZ22DKR
2017-05-08 17:08:19,394:INFO 4723
2017-05-08 17:08:19,394:INFO jinkuihua.apk
2017-05-08 17:08:19,394:INFO com.cgs.fund
2017-05-08 17:08:19,395:DEBUG 将文本转化为字典类型
2017-05-08 17:08:19,395:INFO E:\djangoProject\adtest\file\data.txt
2017-05-08 17:08:19,395:INFO ['#MI NOTE LTE\n', 'name|66027693\n', 'password|123\n', 'idnum|230403198803122520\n', 'customername|\xe7\x9b\x8a\xe8\xbe\xbe\n', 'huji|\xe9\xbb\x91\xe9\xbe\x99\xe6\xb1\x9f\xe7\x9c\x81\xe9\xb9\xa4\xe5\xb2\x97\xe5\xb8\x82\xe5\xb7\xa5\xe5\x86\x9c\xe5\x8c\xba\xe9\x93\x81\xe8\xb7\xaf\xe7\xa4\xbe\xe5\x8c\xba\n', 'tel|18700000001\n', 'qianfajiguan|\xe5\xb7\xa5\xe5\x86\x9c\xe5\x8c\xba\xe5\x85\xac\xe5\xae\x89\xe5\xb1\x80\n', 'jiekuanjine|3000\n', 'jiekuanqixian|6\n', 'goutong|\xe6\x84\x8f\xe5\x90\x91\xe5\xae\xa2\xe6\x88\xb7\n', 'xiangxi|\xe9\x93\x81\xe8\xb7\xaf\xe7\xa4\xbe\xe5\x8c\xba\n', 'zinv|1\n', 'gongyang|1\n', 'nianshouru|30\n', 'yueshouru|4\n', 'yuezhichu|1\n', 'fuzhai|1\n', 'zhaidian|010-88889999\n', 'mail|391881820@163.com\n', 'shenqingedu|30000\n', 'zuigaochengshou|10000\n', 'qita|10000\n', 'bishu|1\n', 'yuehuankuan|30000\n', 'qinshuname|\xe5\xbc\xa0\xe4\xb8\x89\n', 'qinshuntel|18900003323\n', 'workzhengmingren|\xe5\x88\x98\xe4\xba\x8c\n', 'zhiwu|\xe6\xb5\x8b\xe8\xaf\x95\xe5\xb7\xa5\xe7\xa8\x8b\xe5\xb8\x88\n', 'bumen|\xe5\xa4\xa9\xe6\x9b\xa6\n', 'workzhengmingtel|18766667777\n', 'qita1name|\xe5\xbc\xa0\xe5\xb0\x8f\xe5\xa8\xb4\n', 'guanxi1|\xe5\x90\x8c\xe4\xba\x8b\n', 'qita1tel|18677889999\n', 'qita2name|\xe6\x9d\x8e\xe6\x95\x8f\n', 'guanxi2|\xe5\x90\x8c\xe4\xba\x8b\n', 'qita2tel|18637889999\n', 'xiangxidz|\xe6\xb5\x8b\xe8\xaf\x95\xe5\x9c\xb0\xe5\x9d\x80\n', 'danweiname|\xe4\xbf\xa1\xe5\x90\x88\xe8\xb4\xa2\xe5\xaf\x8c\n', 'danweidizhi|\xe4\xba\x94\xe9\x81\x93\xe5\x8f\xa3\n', 'danweidianhua|010-99888888\n', 'fenjihao|9090\n', 'zhiyezhiwu|\xe6\xb5\x8b\xe8\xaf\x95\n', 'zhiyebumen|\xe6\xb5\x8b\xe8\xaf\x95\xe9\x83\xa8\xe9\x97\xa8\n', 'qiandanwei|\xe4\xb8\x80\xe4\xb8\xaa\xe5\x8d\x95\xe4\xbd\x8d\n', 'yuangongshuliang|10\n', 'shuihougongzi|30000\n', 'yinhangka|6228480402564890018\n', 'zhihang|\xe8\xa5\xbf\xe4\xba\x8c\xe6\x97\x97\n', '#OPPO R7\n', 'name|66027693\n', 'password|123\n', 'idnum|230101201705041802\n', 'customername|\xe5\xbc\xa0\xe5\xb0\x8f\xe9\x97\xb2\n', 'huji|\xe9\xbb\x91\xe9\xbe\x99\xe6\xb1\x9f\xe7\x9c\x81\xe9\xb9\xa4\xe5\xb2\x97\xe5\xb8\x82\xe5\xb7\xa5\xe5\x86\x9c\xe5\x8c\xba\xe9\x93\x81\xe8\xb7\xaf\xe7\xa4\xbe\xe5\x8c\xba\n', 'tel|18700000001\n', 'qianfajiguan|\xe5\xb7\xa5\xe5\x86\x9c\xe5\x8c\xba\xe5\x85\xac\xe5\xae\x89\xe5\xb1\x80\n', 'jiekuanjine|3000\n', 'jiekuanqixian|6\n', 'goutong|\xe6\x84\x8f\xe5\x90\x91\xe5\xae\xa2\xe6\x88\xb7\n', 'xiangxi|\xe9\x93\x81\xe8\xb7\xaf\xe7\xa4\xbe\xe5\x8c\xba\n', 'zinv|1\n', 'gongyang|1\n', 'nianshouru|30\n', 'yueshouru|4\n', 'yuezhichu|1\n', 'fuzhai|1\n', 'zhaidian|010-88889999\n', 'mail|391881820@163.com\n', 'shenqingedu|30000\n', 'zuigaochengshou|10000\n', 'qita|10000\n', 'bishu|1\n', 'yuehuankuan|30000\n', 'qinshuname|\xe5\xbc\xa0\xe4\xb8\x89\n', 'qinshuntel|18900003323\n', 'workzhengmingren|\xe5\x88\x98\xe4\xba\x8c\n', 'zhiwu|\xe6\xb5\x8b\xe8\xaf\x95\xe5\xb7\xa5\xe7\xa8\x8b\xe5\xb8\x88\n', 'bumen|\xe5\xa4\xa9\xe6\x9b\xa6\n', 'workzhengmingtel|18766667777\n', 'qita1name|\xe5\xbc\xa0\xe5\xb0\x8f\xe5\xa8\xb4\n', 'guanxi1|\xe5\x90\x8c\xe4\xba\x8b\n', 'qita1tel|18677889999\n', 'qita2name|\xe6\x9d\x8e\xe6\x95\x8f\n', 'guanxi2|\xe5\x90\x8c\xe4\xba\x8b\n', 'qita2tel|18637889999\n', 'xiangxidz|\xe6\xb5\x8b\xe8\xaf\x95\xe5\x9c\xb0\xe5\x9d\x80\n', 'danweiname|\xe4\xbf\xa1\xe5\x90\x88\xe8\xb4\xa2\xe5\xaf\x8c\n', 'danweidizhi|\xe4\xba\x94\xe9\x81\x93\xe5\x8f\xa3\n', 'danweidianhua|010-99888888\n', 'fenjihao|9090\n', 'zhiyezhiwu|\xe6\xb5\x8b\xe8\xaf\x95\n', 'zhiyebumen|\xe6\xb5\x8b\xe8\xaf\x95\xe9\x83\xa8\xe9\x97\xa8\n', 'qiandanwei|\xe4\xb8\x80\xe4\xb8\xaa\xe5\x8d\x95\xe4\xbd\x8d\n', 'yuangongshuliang|10\n', 'shuihougongzi|30000\n', 'yinhangka|6228480402564890018\n', 'zhihang|\xe8\xa5\xbf\xe4\xba\x8c\xe6\x97\x97\n', '#M571C\n', 'name|66027693\n', 'password|123\n', 'idnum|230101201705042063\n', 'customername|\xe5\xb0\x8f\xe5\x9c\xb0\xe7\x93\x9c\n', 'huji|\xe9\xbb\x91\xe9\xbe\x99\xe6\xb1\x9f\xe7\x9c\x81\xe9\xb9\xa4\xe5\xb2\x97\xe5\xb8\x82\xe5\xb7\xa5\xe5\x86\x9c\xe5\x8c\xba\xe9\x93\x81\xe8\xb7\xaf\xe7\xa4\xbe\xe5\x8c\xba\n', 'tel|18700000001\n', 'qianfajiguan|\xe5\xb7\xa5\xe5\x86\x9c\xe5\x8c\xba\xe5\x85\xac\xe5\xae\x89\xe5\xb1\x80\n', 'jiekuanjine|3000\n', 'jiekuanqixian|6\n', 'goutong|\xe6\x84\x8f\xe5\x90\x91\xe5\xae\xa2\xe6\x88\xb7\n', 'xiangxi|\xe9\x93\x81\xe8\xb7\xaf\xe7\xa4\xbe\xe5\x8c\xba\n', 'zinv|1\n', 'gongyang|1\n', 'nianshouru|30\n', 'yueshouru|4\n', 'yuezhichu|1\n', 'fuzhai|1\n', 'zhaidian|010-88889999\n', 'mail|391881820@163.com\n', 'shenqingedu|30000\n', 'zuigaochengshou|10000\n', 'qita|10000\n', 'bishu|1\n', 'yuehuankuan|30000\n', 'qinshuname|\xe5\xbc\xa0\xe4\xb8\x89\n', 'qinshuntel|18900003323\n', 'workzhengmingren|\xe5\x88\x98\xe4\xba\x8c\n', 'zhiwu|\xe6\xb5\x8b\xe8\xaf\x95\xe5\xb7\xa5\xe7\xa8\x8b\xe5\xb8\x88\n', 'bumen|\xe5\xa4\xa9\xe6\x9b\xa6\n', 'workzhengmingtel|18766667777\n', 'qita1name|\xe5\xbc\xa0\xe5\xb0\x8f\xe5\xa8\xb4\n', 'guanxi1|\xe5\x90\x8c\xe4\xba\x8b\n', 'qita1tel|18677889999\n', 'qita2name|\xe6\x9d\x8e\xe6\x95\x8f\n', 'guanxi2|\xe5\x90\x8c\xe4\xba\x8b\n', 'qita2tel|18637889999\n', 'xiangxidz|\xe6\xb5\x8b\xe8\xaf\x95\xe5\x9c\xb0\xe5\x9d\x80\n', 'danweiname|\xe4\xbf\xa1\xe5\x90\x88\xe8\xb4\xa2\xe5\xaf\x8c\n', 'danweidizhi|\xe4\xba\x94\xe9\x81\x93\xe5\x8f\xa3\n', 'danweidianhua|010-99888888\n', 'fenjihao|9090\n', 'zhiyezhiwu|\xe6\xb5\x8b\xe8\xaf\x95\n', 'zhiyebumen|\xe6\xb5\x8b\xe8\xaf\x95\xe9\x83\xa8\xe9\x97\xa8\n', 'qiandanwei|\xe4\xb8\x80\xe4\xb8\xaa\xe5\x8d\x95\xe4\xbd\x8d\n', 'yuangongshuliang|10\n', 'shuihougongzi|30000\n', 'yinhangka|6228480402564890018\n', 'zhihang|\xe8\xa5\xbf\xe4\xba\x8c\xe6\x97\x97']
2017-05-08 17:08:19,400:INFO 获取安卓手机型号的指令为：adb  -s 81CEBMZ22DKR  shell getprop ro.product.model
2017-05-08 17:08:19,467:INFO 安卓手机型号:M571C

2017-05-08 17:08:19,469:DEBUG 欢迎页
2017-05-08 17:08:19,469:INFO 获取安卓版本号的指令为：adb -s 81CEBMZ22DKR  shell getprop ro.build.version.release
2017-05-08 17:08:19,505:INFO 安卓版本号:5.1

2017-05-08 17:08:19,506:DEBUG POST http://127.0.0.1:4723/wd/hub/session {"desiredCapabilities": {"deviceName": "81CEBMZ22DKR", "unicodeKeyboard": "True", "udid": "81CEBMZ22DKR", "app": "E:\\djangoProject\\adtest\\file\\jinkuihua.apk", "browserName": "", "version": "5.1", "resetKeyboard": "True", "device": "android", "platformName": "Android"}}
2017-05-08 17:08:29,530:DEBUG Finished Request
2017-05-08 17:08:29,532:INFO <appium.webdriver.webdriver.WebDriver (session="6e289a08-6e80-4994-9458-ad6a3301e6c7")>
2017-05-08 17:08:29,532:DEBUG GET http://127.0.0.1:4723/wd/hub/session/6e289a08-6e80-4994-9458-ad6a3301e6c7/window/current/size {"windowHandle": "current", "sessionId": "6e289a08-6e80-4994-9458-ad6a3301e6c7"}
2017-05-08 17:08:29,556:DEBUG Finished Request
2017-05-08 17:08:29,556:DEBUG GET http://127.0.0.1:4723/wd/hub/session/6e289a08-6e80-4994-9458-ad6a3301e6c7/window/current/size {"windowHandle": "current", "sessionId": "6e289a08-6e80-4994-9458-ad6a3301e6c7"}
2017-05-08 17:08:29,569:DEBUG Finished Request
2017-05-08 17:08:29,569:DEBUG 进入欢迎页
2017-05-08 17:08:33,571:DEBUG 进行滑屏
2017-05-08 17:08:33,571:DEBUG POST http://127.0.0.1:4723/wd/hub/session/6e289a08-6e80-4994-9458-ad6a3301e6c7/touch/perform {"sessionId": "6e289a08-6e80-4994-9458-ad6a3301e6c7", "actions": [{"action": "press", "options": {"y": 480.0, "x": 1026.0}}, {"action": "wait", "options": {"ms": 1000}}, {"action": "moveTo", "options": {"y": 480.0, "x": 270.0}}, {"action": "release", "options": {}}]}
2017-05-08 17:08:34,114:DEBUG Finished Request
2017-05-08 17:08:36,114:DEBUG 进行滑屏
2017-05-08 17:08:36,114:DEBUG POST http://127.0.0.1:4723/wd/hub/session/6e289a08-6e80-4994-9458-ad6a3301e6c7/touch/perform {"sessionId": "6e289a08-6e80-4994-9458-ad6a3301e6c7", "actions": [{"action": "press", "options": {"y": 480.0, "x": 1026.0}}, {"action": "wait", "options": {"ms": 1000}}, {"action": "moveTo", "options": {"y": 480.0, "x": 270.0}}, {"action": "release", "options": {}}]}
2017-05-08 17:08:36,638:DEBUG Finished Request
2017-05-08 17:08:38,638:DEBUG 进行滑屏
2017-05-08 17:08:38,638:DEBUG POST http://127.0.0.1:4723/wd/hub/session/6e289a08-6e80-4994-9458-ad6a3301e6c7/touch/perform {"sessionId": "6e289a08-6e80-4994-9458-ad6a3301e6c7", "actions": [{"action": "press", "options": {"y": 1824.0, "x": 540.0}}, {"action": "wait", "options": {"ms": 1000}}, {"action": "moveTo", "options": {"y": 1824.0, "x": 540.0}}, {"action": "release", "options": {}}]}
2017-05-08 17:08:39,153:DEBUG Finished Request
2017-05-08 17:08:41,154:DEBUG 进行滑屏
2017-05-08 17:08:41,154:DEBUG POST http://127.0.0.1:4723/wd/hub/session/6e289a08-6e80-4994-9458-ad6a3301e6c7/touch/perform {"sessionId": "6e289a08-6e80-4994-9458-ad6a3301e6c7", "actions": [{"action": "press", "options": {"y": 960.0, "x": 540.0}}, {"action": "wait", "options": {"ms": 1000}}, {"action": "moveTo", "options": {"y": 960.0, "x": 540.0}}, {"action": "release", "options": {}}]}
2017-05-08 17:08:41,671:DEBUG Finished Request
2017-05-08 17:08:42,673:DEBUG 查找元素
2017-05-08 17:08:42,673:INFO id
2017-05-08 17:08:42,673:INFO com.cgs.fund:id/user
2017-05-08 17:08:42,673:DEBUG POST http://127.0.0.1:4723/wd/hub/session/6e289a08-6e80-4994-9458-ad6a3301e6c7/element {"using": "id", "sessionId": "6e289a08-6e80-4994-9458-ad6a3301e6c7", "value": "com.cgs.fund:id/user"}
2017-05-08 17:08:42,723:DEBUG Finished Request
2017-05-08 17:08:42,723:INFO <appium.webdriver.webelement.WebElement (session="6e289a08-6e80-4994-9458-ad6a3301e6c7", element="1")>
2017-05-08 17:08:42,723:DEBUG POST http://127.0.0.1:4723/wd/hub/session/6e289a08-6e80-4994-9458-ad6a3301e6c7/element/1/click {"sessionId": "6e289a08-6e80-4994-9458-ad6a3301e6c7", "id": "1"}
2017-05-08 17:08:42,973:DEBUG Finished Request
2017-05-08 17:08:43,987:DEBUG 开始获取log日志
2017-05-08 17:08:43,989:INFO adb -s 81CEBMZ22DKR  shell ps|findstr com.cgs.fund
2017-05-08 17:08:44,115:INFO u0_a431   8784  371   1117748 125596 ffffffff 00000000 S com.cgs.fund

2017-05-08 17:08:44,115:INFO ['u0_a431', '8784', '371', '1117748', '125596', 'ffffffff', '00000000', 'S', 'com.cgs.fund']
2017-05-08 17:08:44,117:INFO 8784
2017-05-08 17:08:44,117:INFO 打印设备ip为81CEBMZ22DKR的日志指令为：adb -s 81CEBMZ22DKR  logcat -v time *:E |findstr ' 8784' 
2017-05-08 17:25:40,934:DEBUG 杀进程Node.exe
2017-05-08 17:25:41,052:DEBUG 杀进程adb.exe
2017-05-08 17:25:41,171:DEBUG 开始关闭adb服务
2017-05-08 17:25:41,171:INFO 关闭adb服务的指令是：adb kill-server
2017-05-08 17:25:41,365:DEBUG 开始启动adb服务
2017-05-08 17:25:41,365:INFO 关闭adb服务的指令是：adb start-server
2017-05-08 17:25:45,437:DEBUG 将文本转化为字典类型
2017-05-08 17:25:45,437:INFO E:\djangoProject\adtest\file\config.txt
2017-05-08 17:25:45,437:INFO ['#congfig info\n', 'svnpath|D:\\python\\apk\n', 'packagename|com.cgs.fund\n', 'activity|.activity.mainActivity\n', 'apkname|jinkuihua.apk\n', 'way|2\n', 'port|4723']
2017-05-08 17:25:45,437:INFO ['congfig info']
2017-05-08 17:25:45,437:INFO {'apkname': 'jinkuihua.apk', 'svnpath': 'D:\\python\\apk', 'way': '2', 'activity': '.activity.mainActivity', 'packagename': 'com.cgs.fund', 'port': '4723'}
2017-05-08 17:25:45,437:INFO com.cgs.fund
2017-05-08 17:25:45,438:INFO .activity.mainActivity
2017-05-08 17:25:45,438:INFO jinkuihua.apk
2017-05-08 17:25:50,440:INFO 打印的日志是Skipped 'D:\python\apk'

2017-05-08 17:25:50,493:INFO 检查所有连接的设备指令为：adb devices
2017-05-08 17:25:50,496:INFO <open file 'adb devices', mode 'r' at 0x00000000036FA780>
2017-05-08 17:25:50,665:DEBUG List of devices attached

2017-05-08 17:25:50,673:DEBUG 81CEBMZ22DKR	device

2017-05-08 17:25:50,673:INFO 81CEBMZ22DKR
2017-05-08 17:25:50,673:DEBUG 

2017-05-08 17:25:50,834:DEBUG 为IP为81CEBMZ22DKR开始启动appium服务
2017-05-08 17:25:50,835:INFO 启动appium的指令为：start /b appium -a 127.0.0.1 -p 4723 -bp 4724 --log E:\djangoProject\adtest\log\4723.log
2017-05-08 17:25:51,236:INFO node.exe                     22948 Console                   45      5,164 K

2017-05-08 17:25:51,236:DEBUG IP为81CEBMZ22DKR启动appium服务完成
2017-05-08 17:26:51,236:INFO 81CEBMZ22DKR
2017-05-08 17:26:51,236:INFO 4723
2017-05-08 17:26:51,236:INFO jinkuihua.apk
2017-05-08 17:26:51,236:INFO com.cgs.fund
2017-05-08 17:26:51,237:DEBUG 将文本转化为字典类型
2017-05-08 17:26:51,237:INFO E:\djangoProject\adtest\file\data.txt
2017-05-08 17:26:51,237:INFO ['#MI NOTE LTE\n', 'name|66027693\n', 'password|123\n', 'idnum|230403198803122520\n', 'customername|\xe7\x9b\x8a\xe8\xbe\xbe\n', 'huji|\xe9\xbb\x91\xe9\xbe\x99\xe6\xb1\x9f\xe7\x9c\x81\xe9\xb9\xa4\xe5\xb2\x97\xe5\xb8\x82\xe5\xb7\xa5\xe5\x86\x9c\xe5\x8c\xba\xe9\x93\x81\xe8\xb7\xaf\xe7\xa4\xbe\xe5\x8c\xba\n', 'tel|18700000001\n', 'qianfajiguan|\xe5\xb7\xa5\xe5\x86\x9c\xe5\x8c\xba\xe5\x85\xac\xe5\xae\x89\xe5\xb1\x80\n', 'jiekuanjine|3000\n', 'jiekuanqixian|6\n', 'goutong|\xe6\x84\x8f\xe5\x90\x91\xe5\xae\xa2\xe6\x88\xb7\n', 'xiangxi|\xe9\x93\x81\xe8\xb7\xaf\xe7\xa4\xbe\xe5\x8c\xba\n', 'zinv|1\n', 'gongyang|1\n', 'nianshouru|30\n', 'yueshouru|4\n', 'yuezhichu|1\n', 'fuzhai|1\n', 'zhaidian|010-88889999\n', 'mail|391881820@163.com\n', 'shenqingedu|30000\n', 'zuigaochengshou|10000\n', 'qita|10000\n', 'bishu|1\n', 'yuehuankuan|30000\n', 'qinshuname|\xe5\xbc\xa0\xe4\xb8\x89\n', 'qinshuntel|18900003323\n', 'workzhengmingren|\xe5\x88\x98\xe4\xba\x8c\n', 'zhiwu|\xe6\xb5\x8b\xe8\xaf\x95\xe5\xb7\xa5\xe7\xa8\x8b\xe5\xb8\x88\n', 'bumen|\xe5\xa4\xa9\xe6\x9b\xa6\n', 'workzhengmingtel|18766667777\n', 'qita1name|\xe5\xbc\xa0\xe5\xb0\x8f\xe5\xa8\xb4\n', 'guanxi1|\xe5\x90\x8c\xe4\xba\x8b\n', 'qita1tel|18677889999\n', 'qita2name|\xe6\x9d\x8e\xe6\x95\x8f\n', 'guanxi2|\xe5\x90\x8c\xe4\xba\x8b\n', 'qita2tel|18637889999\n', 'xiangxidz|\xe6\xb5\x8b\xe8\xaf\x95\xe5\x9c\xb0\xe5\x9d\x80\n', 'danweiname|\xe4\xbf\xa1\xe5\x90\x88\xe8\xb4\xa2\xe5\xaf\x8c\n', 'danweidizhi|\xe4\xba\x94\xe9\x81\x93\xe5\x8f\xa3\n', 'danweidianhua|010-99888888\n', 'fenjihao|9090\n', 'zhiyezhiwu|\xe6\xb5\x8b\xe8\xaf\x95\n', 'zhiyebumen|\xe6\xb5\x8b\xe8\xaf\x95\xe9\x83\xa8\xe9\x97\xa8\n', 'qiandanwei|\xe4\xb8\x80\xe4\xb8\xaa\xe5\x8d\x95\xe4\xbd\x8d\n', 'yuangongshuliang|10\n', 'shuihougongzi|30000\n', 'yinhangka|6228480402564890018\n', 'zhihang|\xe8\xa5\xbf\xe4\xba\x8c\xe6\x97\x97\n', '#OPPO R7\n', 'name|66027693\n', 'password|123\n', 'idnum|230101201705041802\n', 'customername|\xe5\xbc\xa0\xe5\xb0\x8f\xe9\x97\xb2\n', 'huji|\xe9\xbb\x91\xe9\xbe\x99\xe6\xb1\x9f\xe7\x9c\x81\xe9\xb9\xa4\xe5\xb2\x97\xe5\xb8\x82\xe5\xb7\xa5\xe5\x86\x9c\xe5\x8c\xba\xe9\x93\x81\xe8\xb7\xaf\xe7\xa4\xbe\xe5\x8c\xba\n', 'tel|18700000001\n', 'qianfajiguan|\xe5\xb7\xa5\xe5\x86\x9c\xe5\x8c\xba\xe5\x85\xac\xe5\xae\x89\xe5\xb1\x80\n', 'jiekuanjine|3000\n', 'jiekuanqixian|6\n', 'goutong|\xe6\x84\x8f\xe5\x90\x91\xe5\xae\xa2\xe6\x88\xb7\n', 'xiangxi|\xe9\x93\x81\xe8\xb7\xaf\xe7\xa4\xbe\xe5\x8c\xba\n', 'zinv|1\n', 'gongyang|1\n', 'nianshouru|30\n', 'yueshouru|4\n', 'yuezhichu|1\n', 'fuzhai|1\n', 'zhaidian|010-88889999\n', 'mail|391881820@163.com\n', 'shenqingedu|30000\n', 'zuigaochengshou|10000\n', 'qita|10000\n', 'bishu|1\n', 'yuehuankuan|30000\n', 'qinshuname|\xe5\xbc\xa0\xe4\xb8\x89\n', 'qinshuntel|18900003323\n', 'workzhengmingren|\xe5\x88\x98\xe4\xba\x8c\n', 'zhiwu|\xe6\xb5\x8b\xe8\xaf\x95\xe5\xb7\xa5\xe7\xa8\x8b\xe5\xb8\x88\n', 'bumen|\xe5\xa4\xa9\xe6\x9b\xa6\n', 'workzhengmingtel|18766667777\n', 'qita1name|\xe5\xbc\xa0\xe5\xb0\x8f\xe5\xa8\xb4\n', 'guanxi1|\xe5\x90\x8c\xe4\xba\x8b\n', 'qita1tel|18677889999\n', 'qita2name|\xe6\x9d\x8e\xe6\x95\x8f\n', 'guanxi2|\xe5\x90\x8c\xe4\xba\x8b\n', 'qita2tel|18637889999\n', 'xiangxidz|\xe6\xb5\x8b\xe8\xaf\x95\xe5\x9c\xb0\xe5\x9d\x80\n', 'danweiname|\xe4\xbf\xa1\xe5\x90\x88\xe8\xb4\xa2\xe5\xaf\x8c\n', 'danweidizhi|\xe4\xba\x94\xe9\x81\x93\xe5\x8f\xa3\n', 'danweidianhua|010-99888888\n', 'fenjihao|9090\n', 'zhiyezhiwu|\xe6\xb5\x8b\xe8\xaf\x95\n', 'zhiyebumen|\xe6\xb5\x8b\xe8\xaf\x95\xe9\x83\xa8\xe9\x97\xa8\n', 'qiandanwei|\xe4\xb8\x80\xe4\xb8\xaa\xe5\x8d\x95\xe4\xbd\x8d\n', 'yuangongshuliang|10\n', 'shuihougongzi|30000\n', 'yinhangka|6228480402564890018\n', 'zhihang|\xe8\xa5\xbf\xe4\xba\x8c\xe6\x97\x97\n', '#M571C\n', 'username|147258369\n', 'password|258369\n', 'idnum|230101201705042063\n', 'customername|\xe5\xb0\x8f\xe5\x9c\xb0\xe7\x93\x9c\n', 'huji|\xe9\xbb\x91\xe9\xbe\x99\xe6\xb1\x9f\xe7\x9c\x81\xe9\xb9\xa4\xe5\xb2\x97\xe5\xb8\x82\xe5\xb7\xa5\xe5\x86\x9c\xe5\x8c\xba\xe9\x93\x81\xe8\xb7\xaf\xe7\xa4\xbe\xe5\x8c\xba\n', 'tel|18700000001\n', 'qianfajiguan|\xe5\xb7\xa5\xe5\x86\x9c\xe5\x8c\xba\xe5\x85\xac\xe5\xae\x89\xe5\xb1\x80\n', 'jiekuanjine|3000\n', 'jiekuanqixian|6\n', 'goutong|\xe6\x84\x8f\xe5\x90\x91\xe5\xae\xa2\xe6\x88\xb7\n', 'xiangxi|\xe9\x93\x81\xe8\xb7\xaf\xe7\xa4\xbe\xe5\x8c\xba\n', 'zinv|1\n', 'gongyang|1\n', 'nianshouru|30\n', 'yueshouru|4\n', 'yuezhichu|1\n', 'fuzhai|1\n', 'zhaidian|010-88889999\n', 'mail|391881820@163.com\n', 'shenqingedu|30000\n', 'zuigaochengshou|10000\n', 'qita|10000\n', 'bishu|1\n', 'yuehuankuan|30000\n', 'qinshuname|\xe5\xbc\xa0\xe4\xb8\x89\n', 'qinshuntel|18900003323\n', 'workzhengmingren|\xe5\x88\x98\xe4\xba\x8c\n', 'zhiwu|\xe6\xb5\x8b\xe8\xaf\x95\xe5\xb7\xa5\xe7\xa8\x8b\xe5\xb8\x88\n', 'bumen|\xe5\xa4\xa9\xe6\x9b\xa6\n', 'workzhengmingtel|18766667777\n', 'qita1name|\xe5\xbc\xa0\xe5\xb0\x8f\xe5\xa8\xb4\n', 'guanxi1|\xe5\x90\x8c\xe4\xba\x8b\n', 'qita1tel|18677889999\n', 'qita2name|\xe6\x9d\x8e\xe6\x95\x8f\n', 'guanxi2|\xe5\x90\x8c\xe4\xba\x8b\n', 'qita2tel|18637889999\n', 'xiangxidz|\xe6\xb5\x8b\xe8\xaf\x95\xe5\x9c\xb0\xe5\x9d\x80\n', 'danweiname|\xe4\xbf\xa1\xe5\x90\x88\xe8\xb4\xa2\xe5\xaf\x8c\n', 'danweidizhi|\xe4\xba\x94\xe9\x81\x93\xe5\x8f\xa3\n', 'danweidianhua|010-99888888\n', 'fenjihao|9090\n', 'zhiyezhiwu|\xe6\xb5\x8b\xe8\xaf\x95\n', 'zhiyebumen|\xe6\xb5\x8b\xe8\xaf\x95\xe9\x83\xa8\xe9\x97\xa8\n', 'qiandanwei|\xe4\xb8\x80\xe4\xb8\xaa\xe5\x8d\x95\xe4\xbd\x8d\n', 'yuangongshuliang|10\n', 'shuihougongzi|30000\n', 'yinhangka|6228480402564890018\n', 'zhihang|\xe8\xa5\xbf\xe4\xba\x8c\xe6\x97\x97']
2017-05-08 17:26:51,240:INFO 获取安卓手机型号的指令为：adb  -s 81CEBMZ22DKR  shell getprop ro.product.model
2017-05-08 17:26:51,292:INFO 安卓手机型号:M571C

2017-05-08 17:26:51,292:DEBUG 欢迎页
2017-05-08 17:26:51,292:INFO 获取安卓版本号的指令为：adb -s 81CEBMZ22DKR  shell getprop ro.build.version.release
2017-05-08 17:26:51,328:INFO 安卓版本号:5.1

2017-05-08 17:26:51,329:DEBUG POST http://127.0.0.1:4723/wd/hub/session {"desiredCapabilities": {"deviceName": "81CEBMZ22DKR", "unicodeKeyboard": "True", "udid": "81CEBMZ22DKR", "app": "E:\\djangoProject\\adtest\\file\\jinkuihua.apk", "browserName": "", "version": "5.1", "resetKeyboard": "True", "device": "android", "platformName": "Android"}}
2017-05-08 17:27:01,638:DEBUG Finished Request
2017-05-08 17:27:01,640:INFO <appium.webdriver.webdriver.WebDriver (session="104e34d2-98df-4ae4-98e4-eaa21fc125da")>
2017-05-08 17:27:01,640:DEBUG GET http://127.0.0.1:4723/wd/hub/session/104e34d2-98df-4ae4-98e4-eaa21fc125da/window/current/size {"windowHandle": "current", "sessionId": "104e34d2-98df-4ae4-98e4-eaa21fc125da"}
2017-05-08 17:27:01,664:DEBUG Finished Request
2017-05-08 17:27:01,664:DEBUG GET http://127.0.0.1:4723/wd/hub/session/104e34d2-98df-4ae4-98e4-eaa21fc125da/window/current/size {"windowHandle": "current", "sessionId": "104e34d2-98df-4ae4-98e4-eaa21fc125da"}
2017-05-08 17:27:01,674:DEBUG Finished Request
2017-05-08 17:27:01,674:DEBUG 进入欢迎页
2017-05-08 17:27:05,676:DEBUG 进行滑屏
2017-05-08 17:27:05,676:DEBUG POST http://127.0.0.1:4723/wd/hub/session/104e34d2-98df-4ae4-98e4-eaa21fc125da/touch/perform {"sessionId": "104e34d2-98df-4ae4-98e4-eaa21fc125da", "actions": [{"action": "press", "options": {"y": 480.0, "x": 1026.0}}, {"action": "wait", "options": {"ms": 1000}}, {"action": "moveTo", "options": {"y": 480.0, "x": 270.0}}, {"action": "release", "options": {}}]}
2017-05-08 17:27:06,269:DEBUG Finished Request
2017-05-08 17:27:08,269:DEBUG 进行滑屏
2017-05-08 17:27:08,269:DEBUG POST http://127.0.0.1:4723/wd/hub/session/104e34d2-98df-4ae4-98e4-eaa21fc125da/touch/perform {"sessionId": "104e34d2-98df-4ae4-98e4-eaa21fc125da", "actions": [{"action": "press", "options": {"y": 480.0, "x": 1026.0}}, {"action": "wait", "options": {"ms": 1000}}, {"action": "moveTo", "options": {"y": 480.0, "x": 270.0}}, {"action": "release", "options": {}}]}
2017-05-08 17:27:08,789:DEBUG Finished Request
2017-05-08 17:27:10,790:DEBUG 进行滑屏
2017-05-08 17:27:10,790:DEBUG POST http://127.0.0.1:4723/wd/hub/session/104e34d2-98df-4ae4-98e4-eaa21fc125da/touch/perform {"sessionId": "104e34d2-98df-4ae4-98e4-eaa21fc125da", "actions": [{"action": "press", "options": {"y": 1824.0, "x": 540.0}}, {"action": "wait", "options": {"ms": 1000}}, {"action": "moveTo", "options": {"y": 1824.0, "x": 540.0}}, {"action": "release", "options": {}}]}
2017-05-08 17:27:11,303:DEBUG Finished Request
2017-05-08 17:27:13,305:DEBUG 进行滑屏
2017-05-08 17:27:13,305:DEBUG POST http://127.0.0.1:4723/wd/hub/session/104e34d2-98df-4ae4-98e4-eaa21fc125da/touch/perform {"sessionId": "104e34d2-98df-4ae4-98e4-eaa21fc125da", "actions": [{"action": "press", "options": {"y": 960.0, "x": 540.0}}, {"action": "wait", "options": {"ms": 1000}}, {"action": "moveTo", "options": {"y": 960.0, "x": 540.0}}, {"action": "release", "options": {}}]}
2017-05-08 17:27:13,831:DEBUG Finished Request
2017-05-08 17:27:14,832:DEBUG 查找元素
2017-05-08 17:27:14,832:INFO id
2017-05-08 17:27:14,832:INFO com.cgs.fund:id/user
2017-05-08 17:27:14,832:DEBUG POST http://127.0.0.1:4723/wd/hub/session/104e34d2-98df-4ae4-98e4-eaa21fc125da/element {"using": "id", "sessionId": "104e34d2-98df-4ae4-98e4-eaa21fc125da", "value": "com.cgs.fund:id/user"}
2017-05-08 17:27:14,864:DEBUG Finished Request
2017-05-08 17:27:14,864:INFO <appium.webdriver.webelement.WebElement (session="104e34d2-98df-4ae4-98e4-eaa21fc125da", element="1")>
2017-05-08 17:27:14,865:DEBUG POST http://127.0.0.1:4723/wd/hub/session/104e34d2-98df-4ae4-98e4-eaa21fc125da/element/1/click {"sessionId": "104e34d2-98df-4ae4-98e4-eaa21fc125da", "id": "1"}
2017-05-08 17:27:15,118:DEBUG Finished Request
2017-05-08 17:27:16,134:DEBUG 开始获取log日志
2017-05-08 17:27:16,134:INFO adb -s 81CEBMZ22DKR  shell ps|findstr com.cgs.fund
2017-05-08 17:27:16,259:INFO u0_a431   10463 371   1117748 125356 ffffffff 00000000 S com.cgs.fund

2017-05-08 17:27:16,259:INFO ['u0_a431', '10463', '371', '1117748', '125356', 'ffffffff', '00000000', 'S', 'com.cgs.fund']
2017-05-08 17:27:16,259:INFO 10463
2017-05-08 17:27:16,259:INFO 打印设备ip为81CEBMZ22DKR的日志指令为：adb -s 81CEBMZ22DKR  logcat -v time *:E |findstr ' 10463' 
2017-05-08 17:28:29,073:DEBUG 杀进程Node.exe
2017-05-08 17:28:29,191:DEBUG 杀进程adb.exe
2017-05-08 17:28:29,290:DEBUG 开始关闭adb服务
2017-05-08 17:28:29,290:INFO 关闭adb服务的指令是：adb kill-server
2017-05-08 17:28:29,471:DEBUG 开始启动adb服务
2017-05-08 17:28:29,471:INFO 关闭adb服务的指令是：adb start-server
2017-05-08 17:28:33,520:DEBUG 将文本转化为字典类型
2017-05-08 17:28:33,520:INFO E:\djangoProject\adtest\file\config.txt
2017-05-08 17:28:33,522:INFO ['#congfig info\n', 'svnpath|D:\\python\\apk\n', 'packagename|com.cgs.fund\n', 'activity|.activity.mainActivity\n', 'apkname|jinkuihua.apk\n', 'way|2\n', 'port|4723']
2017-05-08 17:28:33,522:INFO ['congfig info']
2017-05-08 17:28:33,522:INFO {'apkname': 'jinkuihua.apk', 'svnpath': 'D:\\python\\apk', 'way': '2', 'activity': '.activity.mainActivity', 'packagename': 'com.cgs.fund', 'port': '4723'}
2017-05-08 17:28:33,522:INFO com.cgs.fund
2017-05-08 17:28:33,522:INFO .activity.mainActivity
2017-05-08 17:28:33,522:INFO jinkuihua.apk
2017-05-08 17:28:38,523:INFO 打印的日志是Skipped 'D:\python\apk'

2017-05-08 17:28:39,319:INFO 检查所有连接的设备指令为：adb devices
2017-05-08 17:28:39,335:INFO <open file 'adb devices', mode 'r' at 0x00000000031DB780>
2017-05-08 17:28:39,410:DEBUG List of devices attached

2017-05-08 17:28:39,410:DEBUG 81CEBMZ22DKR	device

2017-05-08 17:28:39,410:INFO 81CEBMZ22DKR
2017-05-08 17:28:39,410:DEBUG 

2017-05-08 17:28:39,625:DEBUG 为IP为81CEBMZ22DKR开始启动appium服务
2017-05-08 17:28:39,625:INFO 启动appium的指令为：start /b appium -a 127.0.0.1 -p 4723 -bp 4724 --log E:\djangoProject\adtest\log\4723.log
2017-05-08 17:28:39,986:INFO node.exe                      9772 Console                   45      5,164 K

2017-05-08 17:28:39,986:DEBUG IP为81CEBMZ22DKR启动appium服务完成
2017-05-08 17:29:39,987:INFO 81CEBMZ22DKR
2017-05-08 17:29:39,987:INFO 4723
2017-05-08 17:29:39,987:INFO jinkuihua.apk
2017-05-08 17:29:39,987:INFO com.cgs.fund
2017-05-08 17:29:39,990:DEBUG 将文本转化为字典类型
2017-05-08 17:29:39,990:INFO E:\djangoProject\adtest\file\data.txt
2017-05-08 17:29:39,990:INFO ['#MI NOTE LTE\n', 'name|66027693\n', 'password|123\n', 'idnum|230403198803122520\n', 'customername|\xe7\x9b\x8a\xe8\xbe\xbe\n', 'huji|\xe9\xbb\x91\xe9\xbe\x99\xe6\xb1\x9f\xe7\x9c\x81\xe9\xb9\xa4\xe5\xb2\x97\xe5\xb8\x82\xe5\xb7\xa5\xe5\x86\x9c\xe5\x8c\xba\xe9\x93\x81\xe8\xb7\xaf\xe7\xa4\xbe\xe5\x8c\xba\n', 'tel|18700000001\n', 'qianfajiguan|\xe5\xb7\xa5\xe5\x86\x9c\xe5\x8c\xba\xe5\x85\xac\xe5\xae\x89\xe5\xb1\x80\n', 'jiekuanjine|3000\n', 'jiekuanqixian|6\n', 'goutong|\xe6\x84\x8f\xe5\x90\x91\xe5\xae\xa2\xe6\x88\xb7\n', 'xiangxi|\xe9\x93\x81\xe8\xb7\xaf\xe7\xa4\xbe\xe5\x8c\xba\n', 'zinv|1\n', 'gongyang|1\n', 'nianshouru|30\n', 'yueshouru|4\n', 'yuezhichu|1\n', 'fuzhai|1\n', 'zhaidian|010-88889999\n', 'mail|391881820@163.com\n', 'shenqingedu|30000\n', 'zuigaochengshou|10000\n', 'qita|10000\n', 'bishu|1\n', 'yuehuankuan|30000\n', 'qinshuname|\xe5\xbc\xa0\xe4\xb8\x89\n', 'qinshuntel|18900003323\n', 'workzhengmingren|\xe5\x88\x98\xe4\xba\x8c\n', 'zhiwu|\xe6\xb5\x8b\xe8\xaf\x95\xe5\xb7\xa5\xe7\xa8\x8b\xe5\xb8\x88\n', 'bumen|\xe5\xa4\xa9\xe6\x9b\xa6\n', 'workzhengmingtel|18766667777\n', 'qita1name|\xe5\xbc\xa0\xe5\xb0\x8f\xe5\xa8\xb4\n', 'guanxi1|\xe5\x90\x8c\xe4\xba\x8b\n', 'qita1tel|18677889999\n', 'qita2name|\xe6\x9d\x8e\xe6\x95\x8f\n', 'guanxi2|\xe5\x90\x8c\xe4\xba\x8b\n', 'qita2tel|18637889999\n', 'xiangxidz|\xe6\xb5\x8b\xe8\xaf\x95\xe5\x9c\xb0\xe5\x9d\x80\n', 'danweiname|\xe4\xbf\xa1\xe5\x90\x88\xe8\xb4\xa2\xe5\xaf\x8c\n', 'danweidizhi|\xe4\xba\x94\xe9\x81\x93\xe5\x8f\xa3\n', 'danweidianhua|010-99888888\n', 'fenjihao|9090\n', 'zhiyezhiwu|\xe6\xb5\x8b\xe8\xaf\x95\n', 'zhiyebumen|\xe6\xb5\x8b\xe8\xaf\x95\xe9\x83\xa8\xe9\x97\xa8\n', 'qiandanwei|\xe4\xb8\x80\xe4\xb8\xaa\xe5\x8d\x95\xe4\xbd\x8d\n', 'yuangongshuliang|10\n', 'shuihougongzi|30000\n', 'yinhangka|6228480402564890018\n', 'zhihang|\xe8\xa5\xbf\xe4\xba\x8c\xe6\x97\x97\n', '#OPPO R7\n', 'name|66027693\n', 'password|123\n', 'idnum|230101201705041802\n', 'customername|\xe5\xbc\xa0\xe5\xb0\x8f\xe9\x97\xb2\n', 'huji|\xe9\xbb\x91\xe9\xbe\x99\xe6\xb1\x9f\xe7\x9c\x81\xe9\xb9\xa4\xe5\xb2\x97\xe5\xb8\x82\xe5\xb7\xa5\xe5\x86\x9c\xe5\x8c\xba\xe9\x93\x81\xe8\xb7\xaf\xe7\xa4\xbe\xe5\x8c\xba\n', 'tel|18700000001\n', 'qianfajiguan|\xe5\xb7\xa5\xe5\x86\x9c\xe5\x8c\xba\xe5\x85\xac\xe5\xae\x89\xe5\xb1\x80\n', 'jiekuanjine|3000\n', 'jiekuanqixian|6\n', 'goutong|\xe6\x84\x8f\xe5\x90\x91\xe5\xae\xa2\xe6\x88\xb7\n', 'xiangxi|\xe9\x93\x81\xe8\xb7\xaf\xe7\xa4\xbe\xe5\x8c\xba\n', 'zinv|1\n', 'gongyang|1\n', 'nianshouru|30\n', 'yueshouru|4\n', 'yuezhichu|1\n', 'fuzhai|1\n', 'zhaidian|010-88889999\n', 'mail|391881820@163.com\n', 'shenqingedu|30000\n', 'zuigaochengshou|10000\n', 'qita|10000\n', 'bishu|1\n', 'yuehuankuan|30000\n', 'qinshuname|\xe5\xbc\xa0\xe4\xb8\x89\n', 'qinshuntel|18900003323\n', 'workzhengmingren|\xe5\x88\x98\xe4\xba\x8c\n', 'zhiwu|\xe6\xb5\x8b\xe8\xaf\x95\xe5\xb7\xa5\xe7\xa8\x8b\xe5\xb8\x88\n', 'bumen|\xe5\xa4\xa9\xe6\x9b\xa6\n', 'workzhengmingtel|18766667777\n', 'qita1name|\xe5\xbc\xa0\xe5\xb0\x8f\xe5\xa8\xb4\n', 'guanxi1|\xe5\x90\x8c\xe4\xba\x8b\n', 'qita1tel|18677889999\n', 'qita2name|\xe6\x9d\x8e\xe6\x95\x8f\n', 'guanxi2|\xe5\x90\x8c\xe4\xba\x8b\n', 'qita2tel|18637889999\n', 'xiangxidz|\xe6\xb5\x8b\xe8\xaf\x95\xe5\x9c\xb0\xe5\x9d\x80\n', 'danweiname|\xe4\xbf\xa1\xe5\x90\x88\xe8\xb4\xa2\xe5\xaf\x8c\n', 'danweidizhi|\xe4\xba\x94\xe9\x81\x93\xe5\x8f\xa3\n', 'danweidianhua|010-99888888\n', 'fenjihao|9090\n', 'zhiyezhiwu|\xe6\xb5\x8b\xe8\xaf\x95\n', 'zhiyebumen|\xe6\xb5\x8b\xe8\xaf\x95\xe9\x83\xa8\xe9\x97\xa8\n', 'qiandanwei|\xe4\xb8\x80\xe4\xb8\xaa\xe5\x8d\x95\xe4\xbd\x8d\n', 'yuangongshuliang|10\n', 'shuihougongzi|30000\n', 'yinhangka|6228480402564890018\n', 'zhihang|\xe8\xa5\xbf\xe4\xba\x8c\xe6\x97\x97\n', '#M571C\n', 'username|147258369\n', 'password|258369\n', 'idnum|230101201705042063\n', 'customername|\xe5\xb0\x8f\xe5\x9c\xb0\xe7\x93\x9c\n', 'huji|\xe9\xbb\x91\xe9\xbe\x99\xe6\xb1\x9f\xe7\x9c\x81\xe9\xb9\xa4\xe5\xb2\x97\xe5\xb8\x82\xe5\xb7\xa5\xe5\x86\x9c\xe5\x8c\xba\xe9\x93\x81\xe8\xb7\xaf\xe7\xa4\xbe\xe5\x8c\xba\n', 'tel|18700000001\n', 'qianfajiguan|\xe5\xb7\xa5\xe5\x86\x9c\xe5\x8c\xba\xe5\x85\xac\xe5\xae\x89\xe5\xb1\x80\n', 'jiekuanjine|3000\n', 'jiekuanqixian|6\n', 'goutong|\xe6\x84\x8f\xe5\x90\x91\xe5\xae\xa2\xe6\x88\xb7\n', 'xiangxi|\xe9\x93\x81\xe8\xb7\xaf\xe7\xa4\xbe\xe5\x8c\xba\n', 'zinv|1\n', 'gongyang|1\n', 'nianshouru|30\n', 'yueshouru|4\n', 'yuezhichu|1\n', 'fuzhai|1\n', 'zhaidian|010-88889999\n', 'mail|391881820@163.com\n', 'shenqingedu|30000\n', 'zuigaochengshou|10000\n', 'qita|10000\n', 'bishu|1\n', 'yuehuankuan|30000\n', 'qinshuname|\xe5\xbc\xa0\xe4\xb8\x89\n', 'qinshuntel|18900003323\n', 'workzhengmingren|\xe5\x88\x98\xe4\xba\x8c\n', 'zhiwu|\xe6\xb5\x8b\xe8\xaf\x95\xe5\xb7\xa5\xe7\xa8\x8b\xe5\xb8\x88\n', 'bumen|\xe5\xa4\xa9\xe6\x9b\xa6\n', 'workzhengmingtel|18766667777\n', 'qita1name|\xe5\xbc\xa0\xe5\xb0\x8f\xe5\xa8\xb4\n', 'guanxi1|\xe5\x90\x8c\xe4\xba\x8b\n', 'qita1tel|18677889999\n', 'qita2name|\xe6\x9d\x8e\xe6\x95\x8f\n', 'guanxi2|\xe5\x90\x8c\xe4\xba\x8b\n', 'qita2tel|18637889999\n', 'xiangxidz|\xe6\xb5\x8b\xe8\xaf\x95\xe5\x9c\xb0\xe5\x9d\x80\n', 'danweiname|\xe4\xbf\xa1\xe5\x90\x88\xe8\xb4\xa2\xe5\xaf\x8c\n', 'danweidizhi|\xe4\xba\x94\xe9\x81\x93\xe5\x8f\xa3\n', 'danweidianhua|010-99888888\n', 'fenjihao|9090\n', 'zhiyezhiwu|\xe6\xb5\x8b\xe8\xaf\x95\n', 'zhiyebumen|\xe6\xb5\x8b\xe8\xaf\x95\xe9\x83\xa8\xe9\x97\xa8\n', 'qiandanwei|\xe4\xb8\x80\xe4\xb8\xaa\xe5\x8d\x95\xe4\xbd\x8d\n', 'yuangongshuliang|10\n', 'shuihougongzi|30000\n', 'yinhangka|6228480402564890018\n', 'zhihang|\xe8\xa5\xbf\xe4\xba\x8c\xe6\x97\x97']
2017-05-08 17:29:39,999:INFO 获取安卓手机型号的指令为：adb  -s 81CEBMZ22DKR  shell getprop ro.product.model
2017-05-08 17:29:40,091:INFO 安卓手机型号:M571C

2017-05-08 17:29:40,091:DEBUG 欢迎页
2017-05-08 17:29:40,091:INFO 获取安卓版本号的指令为：adb -s 81CEBMZ22DKR  shell getprop ro.build.version.release
2017-05-08 17:29:40,131:INFO 安卓版本号:5.1

2017-05-08 17:29:40,132:DEBUG POST http://127.0.0.1:4723/wd/hub/session {"desiredCapabilities": {"deviceName": "81CEBMZ22DKR", "unicodeKeyboard": "True", "udid": "81CEBMZ22DKR", "app": "E:\\djangoProject\\adtest\\file\\jinkuihua.apk", "browserName": "", "version": "5.1", "resetKeyboard": "True", "device": "android", "platformName": "Android"}}
2017-05-08 17:29:50,463:DEBUG Finished Request
2017-05-08 17:29:50,463:INFO <appium.webdriver.webdriver.WebDriver (session="08fd06ef-11f0-4579-9fd4-b02bf122fd12")>
2017-05-08 17:29:50,463:DEBUG GET http://127.0.0.1:4723/wd/hub/session/08fd06ef-11f0-4579-9fd4-b02bf122fd12/window/current/size {"windowHandle": "current", "sessionId": "08fd06ef-11f0-4579-9fd4-b02bf122fd12"}
2017-05-08 17:29:50,480:DEBUG Finished Request
2017-05-08 17:29:50,480:DEBUG GET http://127.0.0.1:4723/wd/hub/session/08fd06ef-11f0-4579-9fd4-b02bf122fd12/window/current/size {"windowHandle": "current", "sessionId": "08fd06ef-11f0-4579-9fd4-b02bf122fd12"}
2017-05-08 17:29:50,490:DEBUG Finished Request
2017-05-08 17:29:50,490:DEBUG 进入欢迎页
2017-05-08 17:29:54,490:DEBUG 进行滑屏
2017-05-08 17:29:54,490:DEBUG POST http://127.0.0.1:4723/wd/hub/session/08fd06ef-11f0-4579-9fd4-b02bf122fd12/touch/perform {"sessionId": "08fd06ef-11f0-4579-9fd4-b02bf122fd12", "actions": [{"action": "press", "options": {"y": 480.0, "x": 1026.0}}, {"action": "wait", "options": {"ms": 1000}}, {"action": "moveTo", "options": {"y": 480.0, "x": 270.0}}, {"action": "release", "options": {}}]}
2017-05-08 17:29:55,061:DEBUG Finished Request
2017-05-08 17:29:57,062:DEBUG 进行滑屏
2017-05-08 17:29:57,062:DEBUG POST http://127.0.0.1:4723/wd/hub/session/08fd06ef-11f0-4579-9fd4-b02bf122fd12/touch/perform {"sessionId": "08fd06ef-11f0-4579-9fd4-b02bf122fd12", "actions": [{"action": "press", "options": {"y": 480.0, "x": 1026.0}}, {"action": "wait", "options": {"ms": 1000}}, {"action": "moveTo", "options": {"y": 480.0, "x": 270.0}}, {"action": "release", "options": {}}]}
2017-05-08 17:29:57,579:DEBUG Finished Request
2017-05-08 17:29:59,579:DEBUG 进行滑屏
2017-05-08 17:29:59,579:DEBUG POST http://127.0.0.1:4723/wd/hub/session/08fd06ef-11f0-4579-9fd4-b02bf122fd12/touch/perform {"sessionId": "08fd06ef-11f0-4579-9fd4-b02bf122fd12", "actions": [{"action": "press", "options": {"y": 1824.0, "x": 540.0}}, {"action": "wait", "options": {"ms": 1000}}, {"action": "moveTo", "options": {"y": 1824.0, "x": 540.0}}, {"action": "release", "options": {}}]}
2017-05-08 17:30:00,079:DEBUG Finished Request
2017-05-08 17:30:02,081:DEBUG 进行滑屏
2017-05-08 17:30:02,081:DEBUG POST http://127.0.0.1:4723/wd/hub/session/08fd06ef-11f0-4579-9fd4-b02bf122fd12/touch/perform {"sessionId": "08fd06ef-11f0-4579-9fd4-b02bf122fd12", "actions": [{"action": "press", "options": {"y": 960.0, "x": 540.0}}, {"action": "wait", "options": {"ms": 1000}}, {"action": "moveTo", "options": {"y": 960.0, "x": 540.0}}, {"action": "release", "options": {}}]}
2017-05-08 17:30:02,584:DEBUG Finished Request
2017-05-08 17:30:03,584:DEBUG 查找元素
2017-05-08 17:30:03,584:INFO id
2017-05-08 17:30:03,584:INFO com.cgs.fund:id/user
2017-05-08 17:30:03,584:DEBUG POST http://127.0.0.1:4723/wd/hub/session/08fd06ef-11f0-4579-9fd4-b02bf122fd12/element {"using": "id", "sessionId": "08fd06ef-11f0-4579-9fd4-b02bf122fd12", "value": "com.cgs.fund:id/user"}
2017-05-08 17:30:03,628:DEBUG Finished Request
2017-05-08 17:30:03,628:INFO <appium.webdriver.webelement.WebElement (session="08fd06ef-11f0-4579-9fd4-b02bf122fd12", element="1")>
2017-05-08 17:30:03,628:DEBUG POST http://127.0.0.1:4723/wd/hub/session/08fd06ef-11f0-4579-9fd4-b02bf122fd12/element/1/click {"sessionId": "08fd06ef-11f0-4579-9fd4-b02bf122fd12", "id": "1"}
2017-05-08 17:30:03,898:DEBUG Finished Request
2017-05-08 17:30:04,901:DEBUG 将文本转化为字典类型
2017-05-08 17:30:04,901:INFO E:\djangoProject\adtest\file\data.txt
2017-05-08 17:30:04,901:INFO ['#MI NOTE LTE\n', 'name|66027693\n', 'password|123\n', 'idnum|230403198803122520\n', 'customername|\xe7\x9b\x8a\xe8\xbe\xbe\n', 'huji|\xe9\xbb\x91\xe9\xbe\x99\xe6\xb1\x9f\xe7\x9c\x81\xe9\xb9\xa4\xe5\xb2\x97\xe5\xb8\x82\xe5\xb7\xa5\xe5\x86\x9c\xe5\x8c\xba\xe9\x93\x81\xe8\xb7\xaf\xe7\xa4\xbe\xe5\x8c\xba\n', 'tel|18700000001\n', 'qianfajiguan|\xe5\xb7\xa5\xe5\x86\x9c\xe5\x8c\xba\xe5\x85\xac\xe5\xae\x89\xe5\xb1\x80\n', 'jiekuanjine|3000\n', 'jiekuanqixian|6\n', 'goutong|\xe6\x84\x8f\xe5\x90\x91\xe5\xae\xa2\xe6\x88\xb7\n', 'xiangxi|\xe9\x93\x81\xe8\xb7\xaf\xe7\xa4\xbe\xe5\x8c\xba\n', 'zinv|1\n', 'gongyang|1\n', 'nianshouru|30\n', 'yueshouru|4\n', 'yuezhichu|1\n', 'fuzhai|1\n', 'zhaidian|010-88889999\n', 'mail|391881820@163.com\n', 'shenqingedu|30000\n', 'zuigaochengshou|10000\n', 'qita|10000\n', 'bishu|1\n', 'yuehuankuan|30000\n', 'qinshuname|\xe5\xbc\xa0\xe4\xb8\x89\n', 'qinshuntel|18900003323\n', 'workzhengmingren|\xe5\x88\x98\xe4\xba\x8c\n', 'zhiwu|\xe6\xb5\x8b\xe8\xaf\x95\xe5\xb7\xa5\xe7\xa8\x8b\xe5\xb8\x88\n', 'bumen|\xe5\xa4\xa9\xe6\x9b\xa6\n', 'workzhengmingtel|18766667777\n', 'qita1name|\xe5\xbc\xa0\xe5\xb0\x8f\xe5\xa8\xb4\n', 'guanxi1|\xe5\x90\x8c\xe4\xba\x8b\n', 'qita1tel|18677889999\n', 'qita2name|\xe6\x9d\x8e\xe6\x95\x8f\n', 'guanxi2|\xe5\x90\x8c\xe4\xba\x8b\n', 'qita2tel|18637889999\n', 'xiangxidz|\xe6\xb5\x8b\xe8\xaf\x95\xe5\x9c\xb0\xe5\x9d\x80\n', 'danweiname|\xe4\xbf\xa1\xe5\x90\x88\xe8\xb4\xa2\xe5\xaf\x8c\n', 'danweidizhi|\xe4\xba\x94\xe9\x81\x93\xe5\x8f\xa3\n', 'danweidianhua|010-99888888\n', 'fenjihao|9090\n', 'zhiyezhiwu|\xe6\xb5\x8b\xe8\xaf\x95\n', 'zhiyebumen|\xe6\xb5\x8b\xe8\xaf\x95\xe9\x83\xa8\xe9\x97\xa8\n', 'qiandanwei|\xe4\xb8\x80\xe4\xb8\xaa\xe5\x8d\x95\xe4\xbd\x8d\n', 'yuangongshuliang|10\n', 'shuihougongzi|30000\n', 'yinhangka|6228480402564890018\n', 'zhihang|\xe8\xa5\xbf\xe4\xba\x8c\xe6\x97\x97\n', '#OPPO R7\n', 'name|66027693\n', 'password|123\n', 'idnum|230101201705041802\n', 'customername|\xe5\xbc\xa0\xe5\xb0\x8f\xe9\x97\xb2\n', 'huji|\xe9\xbb\x91\xe9\xbe\x99\xe6\xb1\x9f\xe7\x9c\x81\xe9\xb9\xa4\xe5\xb2\x97\xe5\xb8\x82\xe5\xb7\xa5\xe5\x86\x9c\xe5\x8c\xba\xe9\x93\x81\xe8\xb7\xaf\xe7\xa4\xbe\xe5\x8c\xba\n', 'tel|18700000001\n', 'qianfajiguan|\xe5\xb7\xa5\xe5\x86\x9c\xe5\x8c\xba\xe5\x85\xac\xe5\xae\x89\xe5\xb1\x80\n', 'jiekuanjine|3000\n', 'jiekuanqixian|6\n', 'goutong|\xe6\x84\x8f\xe5\x90\x91\xe5\xae\xa2\xe6\x88\xb7\n', 'xiangxi|\xe9\x93\x81\xe8\xb7\xaf\xe7\xa4\xbe\xe5\x8c\xba\n', 'zinv|1\n', 'gongyang|1\n', 'nianshouru|30\n', 'yueshouru|4\n', 'yuezhichu|1\n', 'fuzhai|1\n', 'zhaidian|010-88889999\n', 'mail|391881820@163.com\n', 'shenqingedu|30000\n', 'zuigaochengshou|10000\n', 'qita|10000\n', 'bishu|1\n', 'yuehuankuan|30000\n', 'qinshuname|\xe5\xbc\xa0\xe4\xb8\x89\n', 'qinshuntel|18900003323\n', 'workzhengmingren|\xe5\x88\x98\xe4\xba\x8c\n', 'zhiwu|\xe6\xb5\x8b\xe8\xaf\x95\xe5\xb7\xa5\xe7\xa8\x8b\xe5\xb8\x88\n', 'bumen|\xe5\xa4\xa9\xe6\x9b\xa6\n', 'workzhengmingtel|18766667777\n', 'qita1name|\xe5\xbc\xa0\xe5\xb0\x8f\xe5\xa8\xb4\n', 'guanxi1|\xe5\x90\x8c\xe4\xba\x8b\n', 'qita1tel|18677889999\n', 'qita2name|\xe6\x9d\x8e\xe6\x95\x8f\n', 'guanxi2|\xe5\x90\x8c\xe4\xba\x8b\n', 'qita2tel|18637889999\n', 'xiangxidz|\xe6\xb5\x8b\xe8\xaf\x95\xe5\x9c\xb0\xe5\x9d\x80\n', 'danweiname|\xe4\xbf\xa1\xe5\x90\x88\xe8\xb4\xa2\xe5\xaf\x8c\n', 'danweidizhi|\xe4\xba\x94\xe9\x81\x93\xe5\x8f\xa3\n', 'danweidianhua|010-99888888\n', 'fenjihao|9090\n', 'zhiyezhiwu|\xe6\xb5\x8b\xe8\xaf\x95\n', 'zhiyebumen|\xe6\xb5\x8b\xe8\xaf\x95\xe9\x83\xa8\xe9\x97\xa8\n', 'qiandanwei|\xe4\xb8\x80\xe4\xb8\xaa\xe5\x8d\x95\xe4\xbd\x8d\n', 'yuangongshuliang|10\n', 'shuihougongzi|30000\n', 'yinhangka|6228480402564890018\n', 'zhihang|\xe8\xa5\xbf\xe4\xba\x8c\xe6\x97\x97\n', '#M571C\n', 'username|147258369\n', 'password|258369\n', 'idnum|230101201705042063\n', 'customername|\xe5\xb0\x8f\xe5\x9c\xb0\xe7\x93\x9c\n', 'huji|\xe9\xbb\x91\xe9\xbe\x99\xe6\xb1\x9f\xe7\x9c\x81\xe9\xb9\xa4\xe5\xb2\x97\xe5\xb8\x82\xe5\xb7\xa5\xe5\x86\x9c\xe5\x8c\xba\xe9\x93\x81\xe8\xb7\xaf\xe7\xa4\xbe\xe5\x8c\xba\n', 'tel|18700000001\n', 'qianfajiguan|\xe5\xb7\xa5\xe5\x86\x9c\xe5\x8c\xba\xe5\x85\xac\xe5\xae\x89\xe5\xb1\x80\n', 'jiekuanjine|3000\n', 'jiekuanqixian|6\n', 'goutong|\xe6\x84\x8f\xe5\x90\x91\xe5\xae\xa2\xe6\x88\xb7\n', 'xiangxi|\xe9\x93\x81\xe8\xb7\xaf\xe7\xa4\xbe\xe5\x8c\xba\n', 'zinv|1\n', 'gongyang|1\n', 'nianshouru|30\n', 'yueshouru|4\n', 'yuezhichu|1\n', 'fuzhai|1\n', 'zhaidian|010-88889999\n', 'mail|391881820@163.com\n', 'shenqingedu|30000\n', 'zuigaochengshou|10000\n', 'qita|10000\n', 'bishu|1\n', 'yuehuankuan|30000\n', 'qinshuname|\xe5\xbc\xa0\xe4\xb8\x89\n', 'qinshuntel|18900003323\n', 'workzhengmingren|\xe5\x88\x98\xe4\xba\x8c\n', 'zhiwu|\xe6\xb5\x8b\xe8\xaf\x95\xe5\xb7\xa5\xe7\xa8\x8b\xe5\xb8\x88\n', 'bumen|\xe5\xa4\xa9\xe6\x9b\xa6\n', 'workzhengmingtel|18766667777\n', 'qita1name|\xe5\xbc\xa0\xe5\xb0\x8f\xe5\xa8\xb4\n', 'guanxi1|\xe5\x90\x8c\xe4\xba\x8b\n', 'qita1tel|18677889999\n', 'qita2name|\xe6\x9d\x8e\xe6\x95\x8f\n', 'guanxi2|\xe5\x90\x8c\xe4\xba\x8b\n', 'qita2tel|18637889999\n', 'xiangxidz|\xe6\xb5\x8b\xe8\xaf\x95\xe5\x9c\xb0\xe5\x9d\x80\n', 'danweiname|\xe4\xbf\xa1\xe5\x90\x88\xe8\xb4\xa2\xe5\xaf\x8c\n', 'danweidizhi|\xe4\xba\x94\xe9\x81\x93\xe5\x8f\xa3\n', 'danweidianhua|010-99888888\n', 'fenjihao|9090\n', 'zhiyezhiwu|\xe6\xb5\x8b\xe8\xaf\x95\n', 'zhiyebumen|\xe6\xb5\x8b\xe8\xaf\x95\xe9\x83\xa8\xe9\x97\xa8\n', 'qiandanwei|\xe4\xb8\x80\xe4\xb8\xaa\xe5\x8d\x95\xe4\xbd\x8d\n', 'yuangongshuliang|10\n', 'shuihougongzi|30000\n', 'yinhangka|6228480402564890018\n', 'zhihang|\xe8\xa5\xbf\xe4\xba\x8c\xe6\x97\x97']
2017-05-08 17:30:04,903:INFO 获取安卓手机型号的指令为：adb  -s 81CEBMZ22DKR  shell getprop ro.product.model
2017-05-08 17:30:04,950:INFO 安卓手机型号:M571C

2017-05-08 17:30:04,950:DEBUG 登录
2017-05-08 17:30:05,951:DEBUG 查找元素
2017-05-08 17:30:05,951:INFO id
2017-05-08 17:30:05,951:INFO com.cgs.fund:id/acount
2017-05-08 17:30:05,951:DEBUG POST http://127.0.0.1:4723/wd/hub/session/08fd06ef-11f0-4579-9fd4-b02bf122fd12/element {"using": "id", "sessionId": "08fd06ef-11f0-4579-9fd4-b02bf122fd12", "value": "com.cgs.fund:id/acount"}
2017-05-08 17:30:05,977:DEBUG Finished Request
2017-05-08 17:30:05,977:INFO <appium.webdriver.webelement.WebElement (session="08fd06ef-11f0-4579-9fd4-b02bf122fd12", element="2")>
2017-05-08 17:30:05,979:DEBUG POST http://127.0.0.1:4723/wd/hub/session/08fd06ef-11f0-4579-9fd4-b02bf122fd12/element/2/value {"sessionId": "08fd06ef-11f0-4579-9fd4-b02bf122fd12", "id": "2", "value": ["1", "4", "7", "2", "5", "8", "3", "6", "9"]}
2017-05-08 17:30:10,851:DEBUG Finished Request
2017-05-08 17:30:10,851:DEBUG 查找元素
2017-05-08 17:30:10,851:INFO id
2017-05-08 17:30:10,851:INFO com.cgs.fund:id/pwd
2017-05-08 17:30:10,851:DEBUG POST http://127.0.0.1:4723/wd/hub/session/08fd06ef-11f0-4579-9fd4-b02bf122fd12/element {"using": "id", "sessionId": "08fd06ef-11f0-4579-9fd4-b02bf122fd12", "value": "com.cgs.fund:id/pwd"}
2017-05-08 17:30:11,388:DEBUG Finished Request
2017-05-08 17:30:11,390:INFO <appium.webdriver.webelement.WebElement (session="08fd06ef-11f0-4579-9fd4-b02bf122fd12", element="3")>
2017-05-08 17:30:11,390:DEBUG POST http://127.0.0.1:4723/wd/hub/session/08fd06ef-11f0-4579-9fd4-b02bf122fd12/element/3/value {"sessionId": "08fd06ef-11f0-4579-9fd4-b02bf122fd12", "id": "3", "value": ["2", "5", "8", "3", "6", "9"]}
2017-05-08 17:30:16,282:DEBUG Finished Request
2017-05-08 17:30:16,283:DEBUG 查找元素
2017-05-08 17:30:16,283:INFO id
2017-05-08 17:30:16,283:INFO com.cgs.fund:id/login
2017-05-08 17:30:16,283:DEBUG POST http://127.0.0.1:4723/wd/hub/session/08fd06ef-11f0-4579-9fd4-b02bf122fd12/element {"using": "id", "sessionId": "08fd06ef-11f0-4579-9fd4-b02bf122fd12", "value": "com.cgs.fund:id/login"}
2017-05-08 17:30:16,828:DEBUG Finished Request
2017-05-08 17:30:16,829:INFO <appium.webdriver.webelement.WebElement (session="08fd06ef-11f0-4579-9fd4-b02bf122fd12", element="4")>
2017-05-08 17:30:16,829:DEBUG POST http://127.0.0.1:4723/wd/hub/session/08fd06ef-11f0-4579-9fd4-b02bf122fd12/element/4/click {"sessionId": "08fd06ef-11f0-4579-9fd4-b02bf122fd12", "id": "4"}
2017-05-08 17:30:17,663:DEBUG Finished Request
2017-05-08 17:30:19,673:DEBUG 开始获取log日志
2017-05-08 17:30:19,674:INFO adb -s 81CEBMZ22DKR  shell ps|findstr com.cgs.fund
2017-05-08 17:30:19,802:INFO u0_a431   10761 371   1155176 140024 ffffffff 00000000 R com.cgs.fund

2017-05-08 17:30:19,802:INFO ['u0_a431', '10761', '371', '1155176', '140024', 'ffffffff', '00000000', 'R', 'com.cgs.fund']
2017-05-08 17:30:19,802:INFO 10761
2017-05-08 17:30:19,802:INFO 打印设备ip为81CEBMZ22DKR的日志指令为：adb -s 81CEBMZ22DKR  logcat -v time *:E |findstr ' 10761' 
