2017-05-12 14:58:10,443:DEBUG 开始启动adb服务
2017-05-12 14:58:10,443:INFO 关闭adb服务的指令是：adb start-server
2017-05-12 14:58:14,798:DEBUG 将文本转化为字典类型
2017-05-12 14:58:14,798:INFO E:\djangoProject\adtest\file\config.txt
2017-05-12 14:58:14,799:INFO ['#congfig info\n', 'svnpath|D:\\python\\apk\n', 'packagename|com.cgs.fund\n', 'activity|.activity.mainActivity\n', 'apkname|jinkuihua.apk\n', 'way|1\n', 'port|4723']
2017-05-12 14:58:14,799:INFO ['congfig info']
2017-05-12 14:58:14,799:INFO {'apkname': 'jinkuihua.apk', 'svnpath': 'D:\\python\\apk', 'way': '1', 'activity': '.activity.mainActivity', 'packagename': 'com.cgs.fund', 'port': '4723'}
2017-05-12 14:58:14,799:INFO com.cgs.fund
2017-05-12 14:58:14,799:INFO .activity.mainActivity
2017-05-12 14:58:14,799:INFO jinkuihua.apk
2017-05-12 14:58:19,802:INFO 打印的日志是Skipped 'D:\python\apk'

2017-05-12 14:58:19,914:DEBUG 将文本转化为列表类型
2017-05-12 14:58:19,914:INFO E:\djangoProject\adtest\file\ip.txt
2017-05-12 14:58:19,914:DEBUG 开始连接手机，ip为:10.168.190.133
2017-05-12 14:58:19,914:INFO 手机连接的指令是：adb connect 10.168.190.133
2017-05-12 14:58:40,977:ERROR 请查看手机ip正确，并且安装了wireless
2017-05-12 14:58:58,372:DEBUG 开始启动adb服务
2017-05-12 14:58:58,372:INFO 关闭adb服务的指令是：adb start-server
2017-05-12 14:58:58,394:DEBUG 将文本转化为字典类型
2017-05-12 14:58:58,395:INFO E:\djangoProject\adtest\file\config.txt
2017-05-12 14:58:58,395:INFO ['#congfig info\n', 'svnpath|D:\\python\\apk\n', 'packagename|com.cgs.fund\n', 'activity|.activity.mainActivity\n', 'apkname|jinkuihua.apk\n', 'way|2\n', 'port|4723']
2017-05-12 14:58:58,395:INFO ['congfig info']
2017-05-12 14:58:58,395:INFO {'apkname': 'jinkuihua.apk', 'svnpath': 'D:\\python\\apk', 'way': '2', 'activity': '.activity.mainActivity', 'packagename': 'com.cgs.fund', 'port': '4723'}
2017-05-12 14:58:58,397:INFO com.cgs.fund
2017-05-12 14:58:58,397:INFO .activity.mainActivity
2017-05-12 14:58:58,397:INFO jinkuihua.apk
2017-05-12 14:59:03,398:INFO 打印的日志是Skipped 'D:\python\apk'

2017-05-12 14:59:03,473:INFO 检查所有连接的设备指令为：adb devices
2017-05-12 14:59:03,476:INFO <open file 'adb devices', mode 'r' at 0x0000000003324660>
2017-05-12 14:59:03,549:DEBUG List of devices attached

2017-05-12 14:59:03,549:DEBUG 7C5908B56930	device

2017-05-12 14:59:03,549:INFO 7C5908B56930
2017-05-12 14:59:03,549:DEBUG 

2017-05-12 14:59:03,753:DEBUG 检查设备ip为7C5908B56930的手机上是否安装了包com.cgs.fund
2017-05-12 14:59:03,753:INFO 检查是否安装包的指令为：adb -s 7C5908B56930  shell pm list package|findstr com.cgs.fund
2017-05-12 14:59:04,667:INFO 设备ip为7C5908B56930上安装了包com.cgs.fund
2017-05-12 14:59:04,667:DEBUG 开始卸载包
2017-05-12 14:59:04,667:INFO 卸载包的命令为：adb -s 7C5908B56930  shell pm uninstall com.cgs.fund
2017-05-12 14:59:06,341:DEBUG 卸载包完成
2017-05-12 14:59:06,341:DEBUG 在设备ip为7C5908B56930上开始安装jinkuihua.apk
2017-05-12 14:59:06,341:INFO 安装指令为adb -s 7C5908B56930  install -l -r E:\djangoProject\adtest\file\jinkuihua.apk
2017-05-12 14:59:06,345:INFO 安装进行中
