2017-05-08 09:28:44:633 - info: Welcome to Appium v1.4.16 (REV ae6877eff263066b26328d457bd285c0cc62430d)
2017-05-08 09:28:44:636 - info: Appium REST http interface listener started on 127.0.0.1:4723
2017-05-08 09:28:44:640 - info: [debug] Non-default server args: {"address":"127.0.0.1","log":"E:\\djangoProject\\adtest\\log\\4723.log"}
2017-05-08 09:28:44:641 - info: Console LogLevel: debug
2017-05-08 09:28:44:641 - info: File LogLevel: debug
2017-05-08 09:29:40:177 - info: --> POST /wd/hub/session {"desiredCapabilities":{"deviceName":"81CEBMZ22DKR","unicodeKeyboard":"True","udid":"81CEBMZ22DKR","app":"E:\\djangoProject\\adtest\\file\\jinkuihua.apk","browserName":"","version":"5.1","resetKeyboard":"True","device":"android","platformName":"Android"}}
2017-05-08 09:29:40:180 - info: Client User-Agent string: Python-urllib/2.7
2017-05-08 09:29:40:181 - warn: Converting cap unicodeKeyboard from string to boolean. This might cause unexpected behavior.
2017-05-08 09:29:40:181 - warn: Converting cap resetKeyboard from string to boolean. This might cause unexpected behavior.
2017-05-08 09:29:40:183 - info: [debug] The following desired capabilities were provided, but not recognized by appium. They will be passed on to any other services running on this server. : version, device
2017-05-08 09:29:40:186 - info: [debug] No appActivity desired capability or server param. Parsing from apk.
2017-05-08 09:29:40:186 - info: [debug] No appPackage desired capability or server param. Parsing from apk.
2017-05-08 09:29:40:187 - info: [debug] Using local app from desired caps: E:\djangoProject\adtest\file\jinkuihua.apk
2017-05-08 09:29:40:190 - info: [debug] Creating new appium session 08fd06ef-11f0-4579-9fd4-b02bf122fd12
2017-05-08 09:29:40:191 - info: Starting android appium
2017-05-08 09:29:40:193 - info: [debug] Getting Java version
2017-05-08 09:29:40:328 - info: Java version is: 1.8.0_73
2017-05-08 09:29:40:330 - info: [debug] Checking whether adb is present
2017-05-08 09:29:40:332 - info: [debug] Using adb from D:\app\adt-bundle-windows-x86-20131030\sdk\platform-tools\adb.exe
2017-05-08 09:29:40:332 - info: [debug] Parsing package and activity from app manifest
2017-05-08 09:29:40:333 - info: [debug] Checking whether aapt is present
2017-05-08 09:29:40:334 - info: [debug] Using aapt from D:\app\adt-bundle-windows-x86-20131030\sdk\build-tools\android-4.4\aapt.exe
2017-05-08 09:29:40:334 - info: [debug] Extracting package and launch activity from manifest.
2017-05-08 09:29:40:336 - info: [debug] executing cmd: D:\app\adt-bundle-windows-x86-20131030\sdk\build-tools\android-4.4\aapt.exe dump badging E:\djangoProject\adtest\file\jinkuihua.apk
2017-05-08 09:29:40:356 - info: [debug] badging package: com.cgs.fund
2017-05-08 09:29:40:356 - info: [debug] badging act: com.cgs.fund.ui.LaunchActivity
2017-05-08 09:29:40:368 - info: [debug] Parsed package and activity are: com.cgs.fund/com.cgs.fund.ui.LaunchActivity
2017-05-08 09:29:40:369 - info: [debug] Using fast reset? true
2017-05-08 09:29:40:369 - info: [debug] Preparing device for session
2017-05-08 09:29:40:369 - info: [debug] Checking whether app is actually present
2017-05-08 09:29:40:370 - info: Retrieving device
2017-05-08 09:29:40:370 - info: [debug] Trying to find a connected android device
2017-05-08 09:29:40:371 - info: [debug] Getting connected devices...
2017-05-08 09:29:40:372 - info: [debug] executing cmd: D:\app\adt-bundle-windows-x86-20131030\sdk\platform-tools\adb.exe devices
2017-05-08 09:29:40:404 - info: [debug] 1 device(s) connected
2017-05-08 09:29:40:405 - info: Found device 81CEBMZ22DKR
2017-05-08 09:29:40:406 - info: [debug] Setting device id to 81CEBMZ22DKR
2017-05-08 09:29:40:406 - info: [debug] Waiting for device to be ready and to respond to shell commands (timeout = 5)
2017-05-08 09:29:40:407 - info: [debug] executing cmd: D:\app\adt-bundle-windows-x86-20131030\sdk\platform-tools\adb.exe -s 81CEBMZ22DKR wait-for-device
2017-05-08 09:29:40:441 - info: [debug] executing cmd: D:\app\adt-bundle-windows-x86-20131030\sdk\platform-tools\adb.exe -s 81CEBMZ22DKR shell "echo 'ready'"
2017-05-08 09:29:40:504 - info: [debug] Starting logcat capture
2017-05-08 09:29:40:545 - info: [debug] Getting device API level
2017-05-08 09:29:40:545 - info: [debug] executing cmd: D:\app\adt-bundle-windows-x86-20131030\sdk\platform-tools\adb.exe -s 81CEBMZ22DKR shell "getprop ro.build.version.sdk"
2017-05-08 09:29:40:670 - info: [debug] Device is at API Level 22
2017-05-08 09:29:40:671 - info: Device API level is: 22
2017-05-08 09:29:40:672 - info: [debug] Extracting strings for language: default
2017-05-08 09:29:40:673 - info: [debug] executing cmd: D:\app\adt-bundle-windows-x86-20131030\sdk\platform-tools\adb.exe -s 81CEBMZ22DKR shell "getprop persist.sys.language"
2017-05-08 09:29:40:773 - info: [debug] Current device persist.sys.language: 
2017-05-08 09:29:40:774 - info: [debug] java -jar "C:\Program Files (x86)\Appium\node_modules\appium\node_modules\appium-adb\jars\appium_apk_tools.jar" "stringsFromApk" "E:\djangoProject\adtest\file\jinkuihua.apk" "C:\Users\Cathy\AppData\Local\Temp\com.cgs.fund" 
2017-05-08 09:29:41:637 - info: [debug] Reading strings from converted strings.json
2017-05-08 09:29:41:637 - info: [debug] Setting language to default
2017-05-08 09:29:41:638 - info: [debug] executing cmd: D:\app\adt-bundle-windows-x86-20131030\sdk\platform-tools\adb.exe -s 81CEBMZ22DKR push "C:\\Users\\Cathy\\AppData\\Local\\Temp\\com.cgs.fund\\strings.json" /data/local/tmp
2017-05-08 09:29:41:673 - info: [debug] Checking whether aapt is present
2017-05-08 09:29:41:674 - info: [debug] Using aapt from D:\app\adt-bundle-windows-x86-20131030\sdk\build-tools\android-4.4\aapt.exe
2017-05-08 09:29:41:674 - info: [debug] Retrieving process from manifest.
2017-05-08 09:29:41:675 - info: [debug] executing cmd: D:\app\adt-bundle-windows-x86-20131030\sdk\build-tools\android-4.4\aapt.exe dump xmltree E:\djangoProject\adtest\file\jinkuihua.apk AndroidManifest.xml
2017-05-08 09:29:41:691 - info: [debug] Set app process to: com.cgs.fund
2017-05-08 09:29:41:691 - info: [debug] Not uninstalling app since server not started with --full-reset
2017-05-08 09:29:41:692 - info: [debug] Checking app cert for E:\djangoProject\adtest\file\jinkuihua.apk.
2017-05-08 09:29:41:692 - info: [debug] executing cmd: java -jar "C:\Program Files (x86)\Appium\node_modules\appium\node_modules\appium-adb\jars\verify.jar" E:\djangoProject\adtest\file\jinkuihua.apk
2017-05-08 09:29:42:682 - info: [debug] App already signed.
2017-05-08 09:29:42:683 - info: [debug] Zip-aligning E:\djangoProject\adtest\file\jinkuihua.apk
2017-05-08 09:29:42:683 - info: [debug] Checking whether zipalign is present
2017-05-08 09:29:42:684 - info: [debug] Using zipalign from D:\app\adt-bundle-windows-x86-20131030\sdk\build-tools\25.0.2\zipalign.exe
2017-05-08 09:29:42:686 - info: [debug] Zip-aligning apk.
2017-05-08 09:29:42:686 - info: [debug] executing cmd: D:\app\adt-bundle-windows-x86-20131030\sdk\build-tools\25.0.2\zipalign.exe -f 4 E:\djangoProject\adtest\file\jinkuihua.apk C:\Users\Cathy\AppData\Local\Temp\11748-9772-1bbjuji\appium.tmp
2017-05-08 09:29:42:885 - info: [debug] MD5 for app is 06c49fc3201e737ee9ce9e7ee08e29e6
2017-05-08 09:29:42:885 - info: [debug] executing cmd: D:\app\adt-bundle-windows-x86-20131030\sdk\platform-tools\adb.exe -s 81CEBMZ22DKR shell "ls /data/local/tmp/06c49fc3201e737ee9ce9e7ee08e29e6.apk"
2017-05-08 09:29:42:953 - info: [debug] Getting install status for com.cgs.fund
2017-05-08 09:29:42:955 - info: [debug] Getting device API level
2017-05-08 09:29:42:955 - info: [debug] executing cmd: D:\app\adt-bundle-windows-x86-20131030\sdk\platform-tools\adb.exe -s 81CEBMZ22DKR shell "getprop ro.build.version.sdk"
2017-05-08 09:29:42:998 - info: [debug] Device is at API Level 22
2017-05-08 09:29:43:000 - info: [debug] executing cmd: D:\app\adt-bundle-windows-x86-20131030\sdk\platform-tools\adb.exe -s 81CEBMZ22DKR shell "pm list packages -3 com.cgs.fund"
2017-05-08 09:29:43:430 - info: [debug] App is installed
2017-05-08 09:29:43:430 - info: App is already installed, resetting app
2017-05-08 09:29:43:431 - info: [debug] Running fast reset (stop and clear)
2017-05-08 09:29:43:431 - info: [debug] executing cmd: D:\app\adt-bundle-windows-x86-20131030\sdk\platform-tools\adb.exe -s 81CEBMZ22DKR shell "am force-stop com.cgs.fund"
2017-05-08 09:29:44:065 - info: [debug] executing cmd: D:\app\adt-bundle-windows-x86-20131030\sdk\platform-tools\adb.exe -s 81CEBMZ22DKR shell "pm clear com.cgs.fund"
2017-05-08 09:29:44:523 - info: [debug] Forwarding system:4724 to device:4724
2017-05-08 09:29:44:527 - info: [debug] executing cmd: D:\app\adt-bundle-windows-x86-20131030\sdk\platform-tools\adb.exe -s 81CEBMZ22DKR forward tcp:4724 tcp:4724
2017-05-08 09:29:44:568 - info: [debug] Pushing appium bootstrap to device...
2017-05-08 09:29:44:568 - info: [debug] executing cmd: D:\app\adt-bundle-windows-x86-20131030\sdk\platform-tools\adb.exe -s 81CEBMZ22DKR push "C:\\Program Files (x86)\\Appium\\node_modules\\appium\\build\\android_bootstrap\\AppiumBootstrap.jar" /data/local/tmp/
2017-05-08 09:29:44:614 - info: [debug] Enabling Unicode keyboard support
2017-05-08 09:29:44:616 - info: [debug] Pushing unicode ime to device...
2017-05-08 09:29:44:618 - info: [debug] executing cmd: D:\app\adt-bundle-windows-x86-20131030\sdk\platform-tools\adb.exe -s 81CEBMZ22DKR install "C:\Program Files (x86)\Appium\node_modules\appium\build\unicode_ime_apk\UnicodeIME-debug.apk"
2017-05-08 09:29:45:239 - info: [debug] executing cmd: D:\app\adt-bundle-windows-x86-20131030\sdk\platform-tools\adb.exe -s 81CEBMZ22DKR shell "settings get secure default_input_method"
2017-05-08 09:29:45:820 - info: [debug] Unsetting IME 'io.appium.android.ime/.UnicodeIME'
2017-05-08 09:29:45:820 - info: [debug] Setting IME to 'io.appium.android.ime/.UnicodeIME'
2017-05-08 09:29:45:822 - info: [debug] executing cmd: D:\app\adt-bundle-windows-x86-20131030\sdk\platform-tools\adb.exe -s 81CEBMZ22DKR shell "ime enable io.appium.android.ime/.UnicodeIME"
2017-05-08 09:29:46:532 - info: [debug] executing cmd: D:\app\adt-bundle-windows-x86-20131030\sdk\platform-tools\adb.exe -s 81CEBMZ22DKR shell "ime set io.appium.android.ime/.UnicodeIME"
2017-05-08 09:29:47:254 - info: [debug] Pushing settings apk to device...
2017-05-08 09:29:47:256 - info: [debug] executing cmd: D:\app\adt-bundle-windows-x86-20131030\sdk\platform-tools\adb.exe -s 81CEBMZ22DKR install "C:\Program Files (x86)\Appium\node_modules\appium\build\settings_apk\settings_apk-debug.apk"
2017-05-08 09:29:48:001 - info: [debug] Pushing unlock helper app to device...
2017-05-08 09:29:48:003 - info: [debug] executing cmd: D:\app\adt-bundle-windows-x86-20131030\sdk\platform-tools\adb.exe -s 81CEBMZ22DKR install "C:\Program Files (x86)\Appium\node_modules\appium\build\unlock_apk\unlock_apk-debug.apk"
2017-05-08 09:29:48:602 - info: Starting App
2017-05-08 09:29:48:603 - info: [debug] Attempting to kill all 'uiautomator' processes
2017-05-08 09:29:48:604 - info: [debug] Getting all processes with 'uiautomator'
2017-05-08 09:29:48:604 - info: [debug] executing cmd: D:\app\adt-bundle-windows-x86-20131030\sdk\platform-tools\adb.exe -s 81CEBMZ22DKR shell "ps 'uiautomator'"
2017-05-08 09:29:48:674 - info: [debug] No matching processes found
2017-05-08 09:29:48:675 - info: [debug] Running bootstrap
2017-05-08 09:29:48:676 - info: [debug] spawning: D:\app\adt-bundle-windows-x86-20131030\sdk\platform-tools\adb.exe -s 81CEBMZ22DKR shell uiautomator runtest AppiumBootstrap.jar -c io.appium.android.bootstrap.Bootstrap -e pkg com.cgs.fund -e disableAndroidWatchers false
2017-05-08 09:29:49:189 - info: [debug] [UIAUTOMATOR STDOUT] INSTRUMENTATION_STATUS: numtests=1
2017-05-08 09:29:49:189 - info: [debug] [UIAUTOMATOR STDOUT] INSTRUMENTATION_STATUS: stream=
2017-05-08 09:29:49:190 - info: [debug] [UIAUTOMATOR STDOUT] io.appium.android.bootstrap.Bootstrap:
2017-05-08 09:29:49:190 - info: [debug] [UIAUTOMATOR STDOUT] INSTRUMENTATION_STATUS: id=UiAutomatorTestRunner
2017-05-08 09:29:49:190 - info: [debug] [UIAUTOMATOR STDOUT] INSTRUMENTATION_STATUS: test=testRunServer
2017-05-08 09:29:49:191 - info: [debug] [UIAUTOMATOR STDOUT] INSTRUMENTATION_STATUS: class=io.appium.android.bootstrap.Bootstrap
2017-05-08 09:29:49:191 - info: [debug] [UIAUTOMATOR STDOUT] INSTRUMENTATION_STATUS: current=1
2017-05-08 09:29:49:191 - info: [debug] [UIAUTOMATOR STDOUT] INSTRUMENTATION_STATUS_CODE: 1
2017-05-08 09:29:49:199 - info: [debug] [BOOTSTRAP] [debug] Socket opened on port 4724
2017-05-08 09:29:49:201 - info: [debug] [BOOTSTRAP] [debug] Appium Socket Server Ready
2017-05-08 09:29:49:201 - info: [debug] [BOOTSTRAP] [debug] Loading json...
2017-05-08 09:29:49:202 - info: [debug] [BOOTSTRAP] [debug] json loading complete.
2017-05-08 09:29:49:204 - info: [debug] [BOOTSTRAP] [debug] Registered crash watchers.
2017-05-08 09:29:49:205 - info: [debug] Waking up device if it's not alive
2017-05-08 09:29:49:205 - info: [debug] Pushing command to appium work queue: ["wake",{}]
2017-05-08 09:29:49:207 - info: [debug] [BOOTSTRAP] [debug] Client connected
2017-05-08 09:29:49:209 - info: [debug] [BOOTSTRAP] [debug] Got data from client: {"cmd":"action","action":"wake","params":{}}
2017-05-08 09:29:49:211 - info: [debug] [BOOTSTRAP] [debug] Got command of type ACTION
2017-05-08 09:29:49:211 - info: [debug] [BOOTSTRAP] [debug] Got command action: wake
2017-05-08 09:29:49:214 - info: [debug] [BOOTSTRAP] [debug] Returning result: {"status":0,"value":true}
2017-05-08 09:29:49:215 - info: [debug] executing cmd: D:\app\adt-bundle-windows-x86-20131030\sdk\platform-tools\adb.exe -s 81CEBMZ22DKR shell "dumpsys window"
2017-05-08 09:29:49:267 - info: [debug] Screen already unlocked, continuing.
2017-05-08 09:29:49:267 - info: [debug] Pushing command to appium work queue: ["getDataDir",{}]
2017-05-08 09:29:49:270 - info: [debug] [BOOTSTRAP] [debug] Got data from client: {"cmd":"action","action":"getDataDir","params":{}}
2017-05-08 09:29:49:271 - info: [debug] [BOOTSTRAP] [debug] Got command of type ACTION
2017-05-08 09:29:49:271 - info: [debug] [BOOTSTRAP] [debug] Got command action: getDataDir
2017-05-08 09:29:49:272 - info: [debug] [BOOTSTRAP] [debug] Returning result: {"status":0,"value":"\/data\/local\/tmp"}
2017-05-08 09:29:49:272 - info: [debug] dataDir set to: /data/local/tmp
2017-05-08 09:29:49:272 - info: [debug] Pushing command to appium work queue: ["compressedLayoutHierarchy",{"compressLayout":false}]
2017-05-08 09:29:49:276 - info: [debug] [BOOTSTRAP] [debug] Got data from client: {"cmd":"action","action":"compressedLayoutHierarchy","params":{"compressLayout":false}}
2017-05-08 09:29:49:277 - info: [debug] [BOOTSTRAP] [debug] Got command of type ACTION
2017-05-08 09:29:49:279 - info: [debug] [BOOTSTRAP] [debug] Got command action: compressedLayoutHierarchy
2017-05-08 09:29:49:280 - info: [debug] Getting device API level
2017-05-08 09:29:49:281 - info: [debug] executing cmd: D:\app\adt-bundle-windows-x86-20131030\sdk\platform-tools\adb.exe -s 81CEBMZ22DKR shell "getprop ro.build.version.sdk"
2017-05-08 09:29:49:284 - info: [debug] [BOOTSTRAP] [debug] Returning result: {"status":0,"value":false}
2017-05-08 09:29:49:328 - info: [debug] Device is at API Level 22
2017-05-08 09:29:49:329 - info: [debug] executing cmd: D:\app\adt-bundle-windows-x86-20131030\sdk\platform-tools\adb.exe -s 81CEBMZ22DKR shell "am start -S -a android.intent.action.MAIN -c android.intent.category.LAUNCHER -f 0x10200000 -n com.cgs.fund/com.cgs.fund.ui.LaunchActivity"
2017-05-08 09:29:50:280 - info: [debug] Waiting for pkg "com.cgs.fund" and activity "com.cgs.fund.ui.LaunchActivity" to be focused
2017-05-08 09:29:50:284 - info: [debug] Getting focused package and activity
2017-05-08 09:29:50:288 - info: [debug] executing cmd: D:\app\adt-bundle-windows-x86-20131030\sdk\platform-tools\adb.exe -s 81CEBMZ22DKR shell "dumpsys window windows"
2017-05-08 09:29:50:383 - info: [debug] executing cmd: D:\app\adt-bundle-windows-x86-20131030\sdk\platform-tools\adb.exe -s 81CEBMZ22DKR shell "getprop ro.build.version.release"
2017-05-08 09:29:50:434 - info: [debug] Device is at release version 5.1
2017-05-08 09:29:50:434 - info: [debug] Device launched! Ready for commands
2017-05-08 09:29:50:435 - info: [debug] Setting command timeout to the default of 60 secs
2017-05-08 09:29:50:435 - info: [debug] Appium session started with sessionId 08fd06ef-11f0-4579-9fd4-b02bf122fd12
2017-05-08 09:29:50:453 - info: <-- POST /wd/hub/session 303 10276.746 ms - 74 
2017-05-08 09:29:50:459 - info: --> GET /wd/hub/session/08fd06ef-11f0-4579-9fd4-b02bf122fd12 {}
2017-05-08 09:29:50:460 - info: [debug] Responding to client with success: {"status":0,"value":{"platform":"LINUX","browserName":"","platformVersion":"5.1","webStorageEnabled":false,"takesScreenshot":true,"javascriptEnabled":true,"databaseEnabled":false,"networkConnectionEnabled":true,"locationContextEnabled":false,"warnings":{},"desired":{"deviceName":"81CEBMZ22DKR","unicodeKeyboard":true,"udid":"81CEBMZ22DKR","app":"E:\\djangoProject\\adtest\\file\\jinkuihua.apk","browserName":"","version":"5.1","resetKeyboard":true,"device":"android","platformName":"Android"},"deviceName":"81CEBMZ22DKR","unicodeKeyboard":true,"udid":"81CEBMZ22DKR","app":"E:\\djangoProject\\adtest\\file\\jinkuihua.apk","version":"5.1","resetKeyboard":true,"device":"android","platformName":"Android"},"sessionId":"08fd06ef-11f0-4579-9fd4-b02bf122fd12"}
2017-05-08 09:29:50:463 - info: <-- GET /wd/hub/session/08fd06ef-11f0-4579-9fd4-b02bf122fd12 200 4.668 ms - 755 {"status":0,"value":{"platform":"LINUX","browserName":"","platformVersion":"5.1","webStorageEnabled":false,"takesScreenshot":true,"javascriptEnabled":true,"databaseEnabled":false,"networkConnectionEnabled":true,"locationContextEnabled":false,"warnings":{},"desired":{"deviceName":"81CEBMZ22DKR","unicodeKeyboard":true,"udid":"81CEBMZ22DKR","app":"E:\\djangoProject\\adtest\\file\\jinkuihua.apk","browserName":"","version":"5.1","resetKeyboard":true,"device":"android","platformName":"Android"},"deviceName":"81CEBMZ22DKR","unicodeKeyboard":true,"udid":"81CEBMZ22DKR","app":"E:\\djangoProject\\adtest\\file\\jinkuihua.apk","version":"5.1","resetKeyboard":true,"device":"android","platformName":"Android"},"sessionId":"08fd06ef-11f0-4579-9fd4-b02bf122fd12"}
2017-05-08 09:29:50:470 - info: --> GET /wd/hub/session/08fd06ef-11f0-4579-9fd4-b02bf122fd12/window/current/size {}
2017-05-08 09:29:50:472 - info: [debug] Pushing command to appium work queue: ["getDeviceSize"]
2017-05-08 09:29:50:474 - info: [debug] [BOOTSTRAP] [debug] Got data from client: {"cmd":"action","action":"getDeviceSize","params":{}}
2017-05-08 09:29:50:475 - info: [debug] [BOOTSTRAP] [debug] Got command of type ACTION
2017-05-08 09:29:50:475 - info: [debug] [BOOTSTRAP] [debug] Got command action: getDeviceSize
2017-05-08 09:29:50:478 - info: [debug] [BOOTSTRAP] [debug] Returning result: {"status":0,"value":{"height":1920,"width":1080}}
2017-05-08 09:29:50:479 - info: [debug] Responding to client with success: {"status":0,"value":{"height":1920,"width":1080},"sessionId":"08fd06ef-11f0-4579-9fd4-b02bf122fd12"}
2017-05-08 09:29:50:481 - info: <-- GET /wd/hub/session/08fd06ef-11f0-4579-9fd4-b02bf122fd12/window/current/size 200 10.137 ms - 100 {"status":0,"value":{"height":1920,"width":1080},"sessionId":"08fd06ef-11f0-4579-9fd4-b02bf122fd12"}
2017-05-08 09:29:50:483 - info: --> GET /wd/hub/session/08fd06ef-11f0-4579-9fd4-b02bf122fd12/window/current/size {}
2017-05-08 09:29:50:484 - info: [debug] Pushing command to appium work queue: ["getDeviceSize"]
2017-05-08 09:29:50:486 - info: [debug] [BOOTSTRAP] [debug] Got data from client: {"cmd":"action","action":"getDeviceSize","params":{}}
2017-05-08 09:29:50:487 - info: [debug] [BOOTSTRAP] [debug] Got command of type ACTION
2017-05-08 09:29:50:487 - info: [debug] [BOOTSTRAP] [debug] Got command action: getDeviceSize
2017-05-08 09:29:50:489 - info: [debug] [BOOTSTRAP] [debug] Returning result: {"status":0,"value":{"height":1920,"width":1080}}
2017-05-08 09:29:50:489 - info: [debug] Responding to client with success: {"status":0,"value":{"height":1920,"width":1080},"sessionId":"08fd06ef-11f0-4579-9fd4-b02bf122fd12"}
2017-05-08 09:29:50:491 - info: <-- GET /wd/hub/session/08fd06ef-11f0-4579-9fd4-b02bf122fd12/window/current/size 200 8.163 ms - 100 {"status":0,"value":{"height":1920,"width":1080},"sessionId":"08fd06ef-11f0-4579-9fd4-b02bf122fd12"}
2017-05-08 09:29:54:497 - info: --> POST /wd/hub/session/08fd06ef-11f0-4579-9fd4-b02bf122fd12/touch/perform {"sessionId":"08fd06ef-11f0-4579-9fd4-b02bf122fd12","actions":[{"action":"press","options":{"y":480,"x":1026}},{"action":"wait","options":{"ms":1000}},{"action":"moveTo","options":{"y":480,"x":270}},{"action":"release","options":{}}]}
2017-05-08 09:29:54:500 - info: [debug] Pushing command to appium work queue: ["swipe",{"startX":1026,"startY":480,"endX":270,"endY":480,"steps":28}]
2017-05-08 09:29:54:516 - info: [debug] [BOOTSTRAP] [debug] Got data from client: {"cmd":"action","action":"swipe","params":{"startX":1026,"startY":480,"endX":270,"endY":480,"steps":28}}
2017-05-08 09:29:54:517 - info: [debug] [BOOTSTRAP] [debug] Got command of type ACTION
2017-05-08 09:29:54:517 - info: [debug] [BOOTSTRAP] [debug] Got command action: swipe
2017-05-08 09:29:54:522 - info: [debug] [BOOTSTRAP] [debug] Display bounds: [0,0][1080,1920]
2017-05-08 09:29:54:522 - info: [debug] [BOOTSTRAP] [debug] Display bounds: [0,0][1080,1920]
2017-05-08 09:29:54:523 - info: [debug] [BOOTSTRAP] [debug] Swiping from [x=1026.0, y=480.0] to [x=270.0, y=480.0] with steps: 28
2017-05-08 09:29:55:056 - info: [debug] [BOOTSTRAP] [debug] Returning result: {"status":0,"value":true}
2017-05-08 09:29:55:058 - info: [debug] Responding to client with success: {"status":0,"value":true,"sessionId":"08fd06ef-11f0-4579-9fd4-b02bf122fd12"}
2017-05-08 09:29:55:061 - info: <-- POST /wd/hub/session/08fd06ef-11f0-4579-9fd4-b02bf122fd12/touch/perform 200 563.367 ms - 76 {"status":0,"value":true,"sessionId":"08fd06ef-11f0-4579-9fd4-b02bf122fd12"}
2017-05-08 09:29:57:065 - info: --> POST /wd/hub/session/08fd06ef-11f0-4579-9fd4-b02bf122fd12/touch/perform {"sessionId":"08fd06ef-11f0-4579-9fd4-b02bf122fd12","actions":[{"action":"press","options":{"y":480,"x":1026}},{"action":"wait","options":{"ms":1000}},{"action":"moveTo","options":{"y":480,"x":270}},{"action":"release","options":{}}]}
2017-05-08 09:29:57:068 - info: [debug] Pushing command to appium work queue: ["swipe",{"startX":1026,"startY":480,"endX":270,"endY":480,"steps":28}]
2017-05-08 09:29:57:072 - info: [debug] [BOOTSTRAP] [debug] Got data from client: {"cmd":"action","action":"swipe","params":{"startX":1026,"startY":480,"endX":270,"endY":480,"steps":28}}
2017-05-08 09:29:57:073 - info: [debug] [BOOTSTRAP] [debug] Got command of type ACTION
2017-05-08 09:29:57:073 - info: [debug] [BOOTSTRAP] [debug] Got command action: swipe
2017-05-08 09:29:57:074 - info: [debug] [BOOTSTRAP] [debug] Display bounds: [0,0][1080,1920]
2017-05-08 09:29:57:075 - info: [debug] [BOOTSTRAP] [debug] Display bounds: [0,0][1080,1920]
2017-05-08 09:29:57:075 - info: [debug] [BOOTSTRAP] [debug] Swiping from [x=1026.0, y=480.0] to [x=270.0, y=480.0] with steps: 28
2017-05-08 09:29:57:577 - info: [debug] [BOOTSTRAP] [debug] Returning result: {"status":0,"value":true}
2017-05-08 09:29:57:578 - info: [debug] Responding to client with success: {"status":0,"value":true,"sessionId":"08fd06ef-11f0-4579-9fd4-b02bf122fd12"}
2017-05-08 09:29:57:579 - info: <-- POST /wd/hub/session/08fd06ef-11f0-4579-9fd4-b02bf122fd12/touch/perform 200 514.369 ms - 76 {"status":0,"value":true,"sessionId":"08fd06ef-11f0-4579-9fd4-b02bf122fd12"}
2017-05-08 09:29:59:582 - info: --> POST /wd/hub/session/08fd06ef-11f0-4579-9fd4-b02bf122fd12/touch/perform {"sessionId":"08fd06ef-11f0-4579-9fd4-b02bf122fd12","actions":[{"action":"press","options":{"y":1824,"x":540}},{"action":"wait","options":{"ms":1000}},{"action":"moveTo","options":{"y":1824,"x":540}},{"action":"release","options":{}}]}
2017-05-08 09:29:59:583 - info: [debug] Pushing command to appium work queue: ["swipe",{"startX":540,"startY":1824,"endX":540,"endY":1824,"steps":28}]
2017-05-08 09:29:59:587 - info: [debug] [BOOTSTRAP] [debug] Got data from client: {"cmd":"action","action":"swipe","params":{"startX":540,"startY":1824,"endX":540,"endY":1824,"steps":28}}
2017-05-08 09:29:59:587 - info: [debug] [BOOTSTRAP] [debug] Got command of type ACTION
2017-05-08 09:29:59:587 - info: [debug] [BOOTSTRAP] [debug] Got command action: swipe
2017-05-08 09:29:59:588 - info: [debug] [BOOTSTRAP] [debug] Display bounds: [0,0][1080,1920]
2017-05-08 09:29:59:590 - info: [debug] [BOOTSTRAP] [debug] Display bounds: [0,0][1080,1920]
2017-05-08 09:29:59:590 - info: [debug] [BOOTSTRAP] [debug] Swiping from [x=540.0, y=1824.0] to [x=540.0, y=1824.0] with steps: 28
2017-05-08 09:30:00:078 - info: [debug] [BOOTSTRAP] [debug] Returning result: {"status":0,"value":true}
2017-05-08 09:30:00:079 - info: [debug] Responding to client with success: {"status":0,"value":true,"sessionId":"08fd06ef-11f0-4579-9fd4-b02bf122fd12"}
2017-05-08 09:30:00:080 - info: <-- POST /wd/hub/session/08fd06ef-11f0-4579-9fd4-b02bf122fd12/touch/perform 200 497.721 ms - 76 {"status":0,"value":true,"sessionId":"08fd06ef-11f0-4579-9fd4-b02bf122fd12"}
2017-05-08 09:30:02:085 - info: --> POST /wd/hub/session/08fd06ef-11f0-4579-9fd4-b02bf122fd12/touch/perform {"sessionId":"08fd06ef-11f0-4579-9fd4-b02bf122fd12","actions":[{"action":"press","options":{"y":960,"x":540}},{"action":"wait","options":{"ms":1000}},{"action":"moveTo","options":{"y":960,"x":540}},{"action":"release","options":{}}]}
2017-05-08 09:30:02:088 - info: [debug] Pushing command to appium work queue: ["swipe",{"startX":540,"startY":960,"endX":540,"endY":960,"steps":28}]
2017-05-08 09:30:02:091 - info: [debug] [BOOTSTRAP] [debug] Got data from client: {"cmd":"action","action":"swipe","params":{"startX":540,"startY":960,"endX":540,"endY":960,"steps":28}}
2017-05-08 09:30:02:091 - info: [debug] [BOOTSTRAP] [debug] Got command of type ACTION
2017-05-08 09:30:02:092 - info: [debug] [BOOTSTRAP] [debug] Got command action: swipe
2017-05-08 09:30:02:092 - info: [debug] [BOOTSTRAP] [debug] Display bounds: [0,0][1080,1920]
2017-05-08 09:30:02:093 - info: [debug] [BOOTSTRAP] [debug] Display bounds: [0,0][1080,1920]
2017-05-08 09:30:02:094 - info: [debug] [BOOTSTRAP] [debug] Swiping from [x=540.0, y=960.0] to [x=540.0, y=960.0] with steps: 28
2017-05-08 09:30:02:581 - info: [debug] [BOOTSTRAP] [debug] Returning result: {"status":0,"value":true}
2017-05-08 09:30:02:582 - info: [debug] Responding to client with success: {"status":0,"value":true,"sessionId":"08fd06ef-11f0-4579-9fd4-b02bf122fd12"}
2017-05-08 09:30:02:583 - info: <-- POST /wd/hub/session/08fd06ef-11f0-4579-9fd4-b02bf122fd12/touch/perform 200 497.689 ms - 76 {"status":0,"value":true,"sessionId":"08fd06ef-11f0-4579-9fd4-b02bf122fd12"}
2017-05-08 09:30:03:588 - info: --> POST /wd/hub/session/08fd06ef-11f0-4579-9fd4-b02bf122fd12/element {"using":"id","sessionId":"08fd06ef-11f0-4579-9fd4-b02bf122fd12","value":"com.cgs.fund:id/user"}
2017-05-08 09:30:03:590 - info: [debug] Waiting up to 0ms for condition
2017-05-08 09:30:03:591 - info: [debug] Pushing command to appium work queue: ["find",{"strategy":"id","selector":"com.cgs.fund:id/user","context":"","multiple":false}]
2017-05-08 09:30:03:599 - info: [debug] [BOOTSTRAP] [debug] Got data from client: {"cmd":"action","action":"find","params":{"strategy":"id","selector":"com.cgs.fund:id/user","context":"","multiple":false}}
2017-05-08 09:30:03:599 - info: [debug] [BOOTSTRAP] [debug] Got command of type ACTION
2017-05-08 09:30:03:599 - info: [debug] [BOOTSTRAP] [debug] Got command action: find
2017-05-08 09:30:03:606 - info: [debug] [BOOTSTRAP] [debug] Finding com.cgs.fund:id/user using ID with the contextId:  multiple: false
2017-05-08 09:30:03:610 - info: [debug] [BOOTSTRAP] [debug] Using: UiSelector[INSTANCE=0, RESOURCE_ID=com.cgs.fund:id/user]
2017-05-08 09:30:03:627 - info: [debug] [BOOTSTRAP] [debug] Returning result: {"status":0,"value":{"ELEMENT":"1"}}
2017-05-08 09:30:03:628 - info: [debug] Responding to client with success: {"status":0,"value":{"ELEMENT":"1"},"sessionId":"08fd06ef-11f0-4579-9fd4-b02bf122fd12"}
2017-05-08 09:30:03:629 - info: <-- POST /wd/hub/session/08fd06ef-11f0-4579-9fd4-b02bf122fd12/element 200 41.123 ms - 87 {"status":0,"value":{"ELEMENT":"1"},"sessionId":"08fd06ef-11f0-4579-9fd4-b02bf122fd12"}
2017-05-08 09:30:03:632 - info: --> POST /wd/hub/session/08fd06ef-11f0-4579-9fd4-b02bf122fd12/element/1/click {"sessionId":"08fd06ef-11f0-4579-9fd4-b02bf122fd12","id":"1"}
2017-05-08 09:30:03:633 - info: [debug] Pushing command to appium work queue: ["element:click",{"elementId":"1"}]
2017-05-08 09:30:03:635 - info: [debug] [BOOTSTRAP] [debug] Got data from client: {"cmd":"action","action":"element:click","params":{"elementId":"1"}}
2017-05-08 09:30:03:635 - info: [debug] [BOOTSTRAP] [debug] Got command of type ACTION
2017-05-08 09:30:03:635 - info: [debug] [BOOTSTRAP] [debug] Got command action: click
2017-05-08 09:30:03:898 - info: [debug] [BOOTSTRAP] [debug] Returning result: {"status":0,"value":true}
2017-05-08 09:30:03:898 - info: [debug] Responding to client with success: {"status":0,"value":true,"sessionId":"08fd06ef-11f0-4579-9fd4-b02bf122fd12"}
2017-05-08 09:30:03:899 - info: <-- POST /wd/hub/session/08fd06ef-11f0-4579-9fd4-b02bf122fd12/element/1/click 200 267.108 ms - 76 {"status":0,"value":true,"sessionId":"08fd06ef-11f0-4579-9fd4-b02bf122fd12"}
2017-05-08 09:30:05:954 - info: --> POST /wd/hub/session/08fd06ef-11f0-4579-9fd4-b02bf122fd12/element {"using":"id","sessionId":"08fd06ef-11f0-4579-9fd4-b02bf122fd12","value":"com.cgs.fund:id/acount"}
2017-05-08 09:30:05:955 - info: [debug] Waiting up to 0ms for condition
2017-05-08 09:30:05:955 - info: [debug] Pushing command to appium work queue: ["find",{"strategy":"id","selector":"com.cgs.fund:id/acount","context":"","multiple":false}]
2017-05-08 09:30:05:958 - info: [debug] [BOOTSTRAP] [debug] Got data from client: {"cmd":"action","action":"find","params":{"strategy":"id","selector":"com.cgs.fund:id/acount","context":"","multiple":false}}
2017-05-08 09:30:05:958 - info: [debug] [BOOTSTRAP] [debug] Got command of type ACTION
2017-05-08 09:30:05:959 - info: [debug] [BOOTSTRAP] [debug] Got command action: find
2017-05-08 09:30:05:959 - info: [debug] [BOOTSTRAP] [debug] Finding com.cgs.fund:id/acount using ID with the contextId:  multiple: false
2017-05-08 09:30:05:959 - info: [debug] [BOOTSTRAP] [debug] Using: UiSelector[INSTANCE=0, RESOURCE_ID=com.cgs.fund:id/acount]
2017-05-08 09:30:05:976 - info: [debug] [BOOTSTRAP] [debug] Returning result: {"status":0,"value":{"ELEMENT":"2"}}
2017-05-08 09:30:05:976 - info: [debug] Responding to client with success: {"status":0,"value":{"ELEMENT":"2"},"sessionId":"08fd06ef-11f0-4579-9fd4-b02bf122fd12"}
2017-05-08 09:30:05:977 - info: <-- POST /wd/hub/session/08fd06ef-11f0-4579-9fd4-b02bf122fd12/element 200 22.447 ms - 87 {"status":0,"value":{"ELEMENT":"2"},"sessionId":"08fd06ef-11f0-4579-9fd4-b02bf122fd12"}
2017-05-08 09:30:05:985 - info: --> POST /wd/hub/session/08fd06ef-11f0-4579-9fd4-b02bf122fd12/element/2/value {"sessionId":"08fd06ef-11f0-4579-9fd4-b02bf122fd12","id":"2","value":["1","4","7","2","5","8","3","6","9"]}
2017-05-08 09:30:05:986 - info: [debug] Pushing command to appium work queue: ["element:setText",{"elementId":"2","text":"147258369","replace":false,"unicodeKeyboard":true}]
2017-05-08 09:30:05:988 - info: [debug] [BOOTSTRAP] [debug] Got data from client: {"cmd":"action","action":"element:setText","params":{"elementId":"2","text":"147258369","replace":false,"unicodeKeyboard":true}}
2017-05-08 09:30:05:988 - info: [debug] [BOOTSTRAP] [debug] Got command of type ACTION
2017-05-08 09:30:05:989 - info: [debug] [BOOTSTRAP] [debug] Got command action: setText
2017-05-08 09:30:05:989 - info: [debug] [BOOTSTRAP] [debug] Using element passed in.
2017-05-08 09:30:06:006 - info: [debug] [BOOTSTRAP] [debug] Attempting to clear using UiObject.clearText().
2017-05-08 09:30:08:423 - info: [debug] [BOOTSTRAP] [debug] Sending plain text to element: 147258369
2017-05-08 09:30:10:848 - info: [debug] [BOOTSTRAP] [debug] Returning result: {"status":0,"value":true}
2017-05-08 09:30:10:849 - info: [debug] Responding to client with success: {"status":0,"value":true,"sessionId":"08fd06ef-11f0-4579-9fd4-b02bf122fd12"}
2017-05-08 09:30:10:850 - info: <-- POST /wd/hub/session/08fd06ef-11f0-4579-9fd4-b02bf122fd12/element/2/value 200 4865.104 ms - 76 {"status":0,"value":true,"sessionId":"08fd06ef-11f0-4579-9fd4-b02bf122fd12"}
2017-05-08 09:30:10:855 - info: --> POST /wd/hub/session/08fd06ef-11f0-4579-9fd4-b02bf122fd12/element {"using":"id","sessionId":"08fd06ef-11f0-4579-9fd4-b02bf122fd12","value":"com.cgs.fund:id/pwd"}
2017-05-08 09:30:10:857 - info: [debug] Waiting up to 0ms for condition
2017-05-08 09:30:10:857 - info: [debug] Pushing command to appium work queue: ["find",{"strategy":"id","selector":"com.cgs.fund:id/pwd","context":"","multiple":false}]
2017-05-08 09:30:10:860 - info: [debug] [BOOTSTRAP] [debug] Got data from client: {"cmd":"action","action":"find","params":{"strategy":"id","selector":"com.cgs.fund:id/pwd","context":"","multiple":false}}
2017-05-08 09:30:10:861 - info: [debug] [BOOTSTRAP] [debug] Got command of type ACTION
2017-05-08 09:30:10:861 - info: [debug] [BOOTSTRAP] [debug] Got command action: find
2017-05-08 09:30:10:861 - info: [debug] [BOOTSTRAP] [debug] Finding com.cgs.fund:id/pwd using ID with the contextId:  multiple: false
2017-05-08 09:30:10:861 - info: [debug] [BOOTSTRAP] [debug] Using: UiSelector[INSTANCE=0, RESOURCE_ID=com.cgs.fund:id/pwd]
2017-05-08 09:30:11:385 - info: [debug] [BOOTSTRAP] [debug] Returning result: {"status":0,"value":{"ELEMENT":"3"}}
2017-05-08 09:30:11:387 - info: [debug] Responding to client with success: {"status":0,"value":{"ELEMENT":"3"},"sessionId":"08fd06ef-11f0-4579-9fd4-b02bf122fd12"}
2017-05-08 09:30:11:388 - info: <-- POST /wd/hub/session/08fd06ef-11f0-4579-9fd4-b02bf122fd12/element 200 533.601 ms - 87 {"status":0,"value":{"ELEMENT":"3"},"sessionId":"08fd06ef-11f0-4579-9fd4-b02bf122fd12"}
2017-05-08 09:30:11:393 - info: --> POST /wd/hub/session/08fd06ef-11f0-4579-9fd4-b02bf122fd12/element/3/value {"sessionId":"08fd06ef-11f0-4579-9fd4-b02bf122fd12","id":"3","value":["2","5","8","3","6","9"]}
2017-05-08 09:30:11:394 - info: [debug] Pushing command to appium work queue: ["element:setText",{"elementId":"3","text":"258369","replace":false,"unicodeKeyboard":true}]
2017-05-08 09:30:11:398 - info: [debug] [BOOTSTRAP] [debug] Got data from client: {"cmd":"action","action":"element:setText","params":{"elementId":"3","text":"258369","replace":false,"unicodeKeyboard":true}}
2017-05-08 09:30:11:399 - info: [debug] [BOOTSTRAP] [debug] Got command of type ACTION
2017-05-08 09:30:11:399 - info: [debug] [BOOTSTRAP] [debug] Got command action: setText
2017-05-08 09:30:11:399 - info: [debug] [BOOTSTRAP] [debug] Using element passed in.
2017-05-08 09:30:11:430 - info: [debug] [BOOTSTRAP] [debug] Attempting to clear using UiObject.clearText().
2017-05-08 09:30:13:840 - info: [debug] [BOOTSTRAP] [debug] Sending plain text to element: 258369
2017-05-08 09:30:16:281 - info: [debug] [BOOTSTRAP] [debug] Returning result: {"status":0,"value":true}
2017-05-08 09:30:16:281 - info: [debug] Responding to client with success: {"status":0,"value":true,"sessionId":"08fd06ef-11f0-4579-9fd4-b02bf122fd12"}
2017-05-08 09:30:16:282 - info: <-- POST /wd/hub/session/08fd06ef-11f0-4579-9fd4-b02bf122fd12/element/3/value 200 4889.335 ms - 76 {"status":0,"value":true,"sessionId":"08fd06ef-11f0-4579-9fd4-b02bf122fd12"}
2017-05-08 09:30:16:286 - info: --> POST /wd/hub/session/08fd06ef-11f0-4579-9fd4-b02bf122fd12/element {"using":"id","sessionId":"08fd06ef-11f0-4579-9fd4-b02bf122fd12","value":"com.cgs.fund:id/login"}
2017-05-08 09:30:16:287 - info: [debug] Waiting up to 0ms for condition
2017-05-08 09:30:16:288 - info: [debug] Pushing command to appium work queue: ["find",{"strategy":"id","selector":"com.cgs.fund:id/login","context":"","multiple":false}]
2017-05-08 09:30:16:291 - info: [debug] [BOOTSTRAP] [debug] Got data from client: {"cmd":"action","action":"find","params":{"strategy":"id","selector":"com.cgs.fund:id/login","context":"","multiple":false}}
2017-05-08 09:30:16:292 - info: [debug] [BOOTSTRAP] [debug] Got command of type ACTION
2017-05-08 09:30:16:292 - info: [debug] [BOOTSTRAP] [debug] Got command action: find
2017-05-08 09:30:16:292 - info: [debug] [BOOTSTRAP] [debug] Finding com.cgs.fund:id/login using ID with the contextId:  multiple: false
2017-05-08 09:30:16:292 - info: [debug] [BOOTSTRAP] [debug] Using: UiSelector[INSTANCE=0, RESOURCE_ID=com.cgs.fund:id/login]
2017-05-08 09:30:16:827 - info: [debug] [BOOTSTRAP] [debug] Returning result: {"status":0,"value":{"ELEMENT":"4"}}
2017-05-08 09:30:16:828 - info: [debug] Responding to client with success: {"status":0,"value":{"ELEMENT":"4"},"sessionId":"08fd06ef-11f0-4579-9fd4-b02bf122fd12"}
2017-05-08 09:30:16:829 - info: <-- POST /wd/hub/session/08fd06ef-11f0-4579-9fd4-b02bf122fd12/element 200 543.329 ms - 87 {"status":0,"value":{"ELEMENT":"4"},"sessionId":"08fd06ef-11f0-4579-9fd4-b02bf122fd12"}
2017-05-08 09:30:16:833 - info: --> POST /wd/hub/session/08fd06ef-11f0-4579-9fd4-b02bf122fd12/element/4/click {"sessionId":"08fd06ef-11f0-4579-9fd4-b02bf122fd12","id":"4"}
2017-05-08 09:30:16:835 - info: [debug] Pushing command to appium work queue: ["element:click",{"elementId":"4"}]
2017-05-08 09:30:16:838 - info: [debug] [BOOTSTRAP] [debug] Got data from client: {"cmd":"action","action":"element:click","params":{"elementId":"4"}}
2017-05-08 09:30:16:838 - info: [debug] [BOOTSTRAP] [debug] Got command of type ACTION
2017-05-08 09:30:16:838 - info: [debug] [BOOTSTRAP] [debug] Got command action: click
2017-05-08 09:30:17:661 - info: [debug] [BOOTSTRAP] [debug] Returning result: {"status":0,"value":true}
2017-05-08 09:30:17:661 - info: [debug] Responding to client with success: {"status":0,"value":true,"sessionId":"08fd06ef-11f0-4579-9fd4-b02bf122fd12"}
2017-05-08 09:30:17:662 - info: <-- POST /wd/hub/session/08fd06ef-11f0-4579-9fd4-b02bf122fd12/element/4/click 200 829.190 ms - 76 {"status":0,"value":true,"sessionId":"08fd06ef-11f0-4579-9fd4-b02bf122fd12"}
